Unity Player [version: Unity 5.4.2f2_b7e030c65c9b]

Dissonance.exe caused an Access Violation (0xc0000005)
  in module Dissonance.exe at 0023:0176b296.

Error occurred at 2016-10-22_231316.
E:\Games\Dissonance\Dissonance.exe, run by Preetham.
44% memory in use.
0 MB physical memory [0 MB free].
0 MB paging file [0 MB free].
0 MB user address space [3675 MB free].
Read from location 000005d4 caused an access violation.

Context:
EDI:    0x00000000  ESI: 0x0513f070  EAX:   0x0240e4d0
EBX:    0x001a5b7d  ECX: 0x00000000  EDX:   0x00000002
EIP:    0x0176b296  EBP: 0x0240e4bc  SegCs: 0x00000023
EFlags: 0x00210287  ESP: 0x0240e4b8  SegSs: 0x0000002b

Bytes at CS:EIP:
83 bf d4 05 00 00 00 75 07 32 c0 5f 5d c2 04 00 

Stack:
0x0240e4b8: 01fa2f2d 0240e4ec 01753609 0240e4d0 -/....@..6u...@.
0x0240e4c8: 00000003 0513f070 666e6f63 00006769 ....p...config..
0x0240e4d8: 74c7f8db fffffdd3 00000006 0000000f ...t............
0x0240e4e8: ffffff22 0240e4f4 017524c7 0240e50c ".....@..$u...@.
0x0240e4f8: 017525f6 00000002 01754800 00000000 .%u......Hu.....
0x0240e508: 02129670 0240e528 0175485f 00000003 p...(.@._Hu.....
0x0240e518: 5e199068 5e199068 001a5b7d 00000000 h..^h..^}[......
0x0240e528: 0240e55c 017514d5 0513f070 00000003 \.@...u.p.......
0x0240e538: 5e199068 5e199068 001a5b7d 00000000 h..^h..^}[......
0x0240e548: 00000003 0513f018 00000000 02129670 ............p...
0x0240e558: 00000000 0240e5c4 01752144 00000003 ......@.D!u.....
0x0240e568: 5e199068 5e199068 001a5b7d 00000000 h..^h..^}[......
0x0240e578: 02129974 00000000 02129974 00000000 t.......t.......
0x0240e588: 00000001 9b3ffb37 04adcfc0 04ae6e30 ....7.?.....0n..
0x0240e598: 0240e5a8 01d980f7 04adcfc0 04b4b580 ..@.............
0x0240e5a8: 0240e5cc 015c8c23 050443e8 0240e5c8 ..@.#.\..C....@.
0x0240e5b8: 00000000 f02bebc0 00000000 0240e5d0 ......+.......@.
0x0240e5c8: 01752167 00000003 0240e5ec 0118f381 g!u.......@.....
0x0240e5d8: 0513f018 00000000 00000000 04adcfc0 ................
0x0240e5e8: 00000000 0240e60c 013797df 00000000 ......@...7.....
0x0240e5f8: 00000006 00000000 fffffffe 0240e654 ............T.@.
0x0240e608: 01411e90 0240e654 01411c02 00000000 ..A.T.@...A.....
0x0240e618: 00000001 00000000 00000001 01411950 ............P.A.
0x0240e628: 77ad2e40 d38ca12e 000004b0 00000000 @..w............
0x0240e638: 77aba733 02debbd0 00000000 0000001c 3..w............
0x0240e648: 00000001 00001608 00000000 0240e680 ..............@.
0x0240e658: 74c9d273 000b04da 00000006 00000001 s..t............
0x0240e668: 00000000 00000001 dcbaabcd 01411950 ............P.A.
0x0240e678: 00000000 00000001 0240e768 74c7e84a ........h.@.J..t
0x0240e688: 01411950 000b04da 00000006 00000001 P.A.............
0x0240e698: 00000000 d38ca062 00000000 00000000 ....b...........
0x0240e6a8: 00000006 00000080 00000040 4edbfdec ........@......N
0x0240e6b8: 00000024 00000001 00000000 00000000 $...............
0x0240e6c8: 00000000 00000024 00000001 00000000 ....$...........
0x0240e6d8: 00000000 00000070 ffffffff ffffffff ....p...........
0x0240e6e8: 00000024 00000001 00000000 00000000 $...............
0x0240e6f8: 00000030 ffffffff ffffffff 74c7e6dc 0..............t
0x0240e708: 00000000 00000000 00000000 00000000 ................
0x0240e718: 00000000 00000000 01411950 00000000 ........P.A.....
0x0240e728: 02b509f8 00000000 80000011 00000000 ................
0x0240e738: 00000000 80000011 00000000 00000001 ................
0x0240e748: 000b04da d38ca062 74c7e480 0240dee8 ....b......t..@.
0x0240e758: 0240e7b8 74ca1570 a51d087a 00000000 ..@.p..tz.......
0x0240e768: 0240e7c8 74c7e480 01411950 00000000 ..@....tP.A.....
0x0240e778: 00000006 00000001 00000000 00ffd000 ................
0x0240e788: 00000001 d38ca0c2 0240e930 77b11af0 ........0.@....w
0x0240e798: 00000000 0240e800 74ca1570 00000000 ......@.p..t....
0x0240e7a8: 000b04da 00000000 0240e78c 0240dee8 ..........@...@.
0x0240e7b8: 0240e818 74ca1570 a51d085a fffffffe ..@.p..tZ.......
0x0240e7c8: 0240e808 74c88ad9 02dedf40 00000000 ..@....t@.......
0x0240e7d8: 00000006 00000001 00000000 01411950 ............P.A.
0x0240e7e8: 00000104 00000001 00000000 00000000 ................
0x0240e7f8: 0240e80c 00000000 00000000 d38caf02 ..@.............
0x0240e808: 0240e874 77affef6 0240e824 00000020 t.@....w$.@. ...
0x0240e818: 0240e8f4 77affe40 0240e848 02dedf40 ..@.@..wH.@.@...
0x0240e828: 00000000 00000006 00000001 00000000 ................
0x0240e838: 01411950 77b11af0 00000000 7457249c P.A....w.....$Wt
0x0240e848: 74c86aa7 0240e930 00000000 00000104 .j.t0.@.........
0x0240e858: 00000104 00000002 02dcd7f0 00ffd000 ................
0x0240e868: 01100100 00000102 02dcd7f0 0240e8ac ..............@.
0x0240e878: 74c86a3d 00000104 00000104 00000002 =j.t............
0x0240e888: 00000000 0240ec38 0240e930 0240ec38 ....8.@.0.@.8.@.
0x0240e898: 7889cd0a 0240ec38 02dcd7f0 00ffd000 ...x8.@.........
0x0240e8a8: 0040e8bc 0240e904 746508e6 0240e930 ..@...@...et0.@.
0x0240e8b8: 00000000 00000104 00000104 00000002 ................
0x0240e8c8: 7889ccda 0240ec38 00000000 00000003 ...x8.@.........
0x0240e8d8: 74650b8f 0240e8fc 00000000 0240ec38 ..et..@.....8.@.
0x0240e8e8: 00000000 0240e8c8 0240ec38 0240e9a0 ......@.8.@...@.
0x0240e8f8: 7469ff60 0ebf231e 00000000 0240e950 `.it.#......P.@.
0x0240e908: 746509b7 0240e930 00000000 00000104 ..et0.@.........
0x0240e918: 00000104 00000002 0240ec38 0240ec38 ........8.@.8.@.
0x0240e928: 00000002 893d98c8 fffffffe 0240e99c ......=.......@.
0x0240e938: 745724ac 74c885c6 00005cff 74c885d0 .$Wt...t.\.....t
0x0240e948: d38cae46 7889cc8e 0240e9b0 74650c08 F......x..@...et
0x0240e958: 7889cc6e 00284aa2 0240ec38 00000002 n..x.J(.8.@.....
0x0240e968: 00005dff 00000000 0000009c 000007e0 .]..............
0x0240e978: 00000798 0000009c ffea45cc 0000004d .........E..M...
0x0240e988: 0240ec38 0240f254 04410041 7889cc6e 8.@.T.@.A.A.n..x
0x0240e998: 0240e958 0240e9d4 0240f254 7469ff60 X.@...@.T.@.`.it
0x0240e9a8: 0ebf2336 fffffffe 0240e9d4 746510bc 6#........@...et
0x0240e9b8: 118dc8c0 119dd630 0240ec38 00000000 ....0...8.@.....
0x0240e9c8: 00284aa2 000003e8 7889cc0a 0240ea94 .J(........x..@.
0x0240e9d8: 7463e641 0240ea20 00000002 0240ea18 A.ct .@.......@.
0x0240e9e8: 118dc8c0 0265d7d0 118b0480 118dc8c0 ......e.........
0x0240e9f8: 00000000 118dc8c0 00000002 119205dc ................
0x0240ea08: 00000000 0240ed68 00000000 119dd630 ....h.@.....0...
0x0240ea18: ffffffff 0240ec38 000007e0 00000798 ....8.@.........
0x0240ea28: 00000000 00000000 00000000 00000000 ................
0x0240ea38: 00000000 118b0400 00000000 00000000 ................
0x0240ea48: 00000000 00000000 00000000 00000000 ................
0x0240ea58: 00000000 00000000 00000000 00000000 ................
0x0240ea68: 00000000 00000000 00000000 00000000 ................
0x0240ea78: 00000000 423ec01e 11d22e35 100004b6 ......>B5.......
0x0240ea88: fd3e704b 7889cc2a 00000000 0240eba8 Kp>.*..x......@.
0x0240ea98: 7464fbe6 119205dc 7464fa40 0240ed68 ..dt....@.dth.@.
0x0240eaa8: 118dc8c0 11a82370 0240ed40 75dfdad2 ....p#..@.@....u
0x0240eab8: 0240ed68 00000000 0240ed68 0265d7d0 h.@.....h.@...e.
0x0240eac8: 00000000 00000000 00284860 00000000 ........`H(.....
0x0240ead8: 11a82414 ffffffff ffffffff 00000000 .$..............
0x0240eae8: 00000000 00000000 11a8241c 75dff640 .........$..@..u
0x0240eaf8: 00000000 13688290 423ec01e 11d22e35 ......h...>B5...
0x0240eb08: 100004b6 fd3e704b 00001008 02685ce8 ....Kp>......\h.
0x0240eb18: 6d023751 0240ebbc 75dfc03d 13688278 Q7.m..@.=..ux.h.
0x0240eb28: 00000000 11a82300 11a82248 00000000 .....#..H"......
0x0240eb38: 11a82370 11a82248 00000000 0240ebbc p#..H"........@.
0x0240eb48: 75dfc0a8 11a82370 0240eb6c 77acacf0 ...up#..l.@....w
0x0240eb58: 77b9d528 00001008 00000003 0266fa78 (..w........x.f.
0x0240eb68: 02685ce8 0240eb74 00000003 748e16e0 .\h.t.@........t
0x0240eb78: 0240eb94 74bc103a 00000003 00000000 ..@.:..t........
0x0240eb88: 0265d7d0 74bc1046 4edbf098 0240ebcc ..e.F..t...N..@.
0x0240eb98: 74bc0fe0 74bc0fc7 4edbf0c0 7889cf72 ...t...t...Nr..x
0x0240eba8: 0240ed1c 7464f4cf 0240ed68 0240ed40 ..@...dth.@.@.@.
0x0240ebb8: 118dc8c0 0240ee54 0240ed68 385e311c ....T.@.h.@..1^8
0x0240ebc8: 00000000 0240ed68 0240ed40 00000000 ....h.@.@.@.....
0x0240ebd8: 0265d7d0 00000000 746456d3 136890b8 ..e......Vdt..h.
0x0240ebe8: 00000000 00000030 118dc8c0 0265d7d0 ....0.........e.
0x0240ebf8: 746457e1 0d063710 0040eeb4 00000001 .Wdt.7....@.....
0x0240ec08: 00000000 0d063710 0265d7d0 00000000 .....7....e.....
0x0240ec18: 00000000 119205dc 00000000 74650160 ............`.et
0x0240ec28: 136890b0 00000000 00000040 00000000 ..h.....@.......
0x0240ec38: 74594b7c 016871c0 00000000 00000000 |KYt.qh.........
0x0240ec48: 00000000 00000000 80010115 00000000 ................
0x0240ec58: 00000000 00000000 00000000 746ab780 ..............jt
0x0240ec68: 00000000 00000000 00005dff ebf0f2fe .........]......
0x0240ec78: 4d45e55c f24149b4 225e37f5 00000010 \.EM.IA..7^"....
0x0240ec88: 00000000 0240ed68 00284860 00000242 ....h.@.`H(.B...
0x0240ec98: 00000000 00000001 00000000 13624ec0 .............Nb.
0x0240eca8: 00000000 00000000 00000000 00000000 ................
0x0240ecb8: 00000000 00000030 80ae4d30 d0c12bed ....0...0M...+..
0x0240ecc8: 83b61e3c b603eea7 0240eef0 0240ec30 <.........@.0.@.
0x0240ecd8: 00000000 00000000 00000000 00000000 ................
0x0240ece8: 00000000 00000000 00000000 00000000 ................
0x0240ecf8: 00000000 00000000 776cbcce 423ec01e ..........lw..>B
0x0240ed08: 11d22e35 100004b6 fd3e704b 7889ce1a 5.......Kp>....x
0x0240ed18: 0240ed48 0240ed48 745b3015 0240ed68 H.@.H.@..0[th.@.
0x0240ed28: 0240ed40 0240f2a8 0240ef94 745b2f40 @.@...@...@.@/[t
0x0240ed38: 118dc8c0 0240ed68 00000000 7889c896 ....h.@........x
0x0240ed48: 0240f264 75dd5a9a 1181ff7c 0240ee54 d.@..Z.u|...T.@.
0x0240ed58: 6d022e29 746a2740 0240f29c 119d466c )..m@'jt..@.lF..
0x0240ed68: 118dc8c0 00000010 00000000 00000018 ................
0x0240ed78: 00008003 00000000 13688278 00000000 ........x.h.....
0x0240ed88: 00000000 00000004 00000000 119d4694 .............F..
0x0240ed98: 0240eed8 00000000 00fff000 00000000 ..@.............
0x0240eda8: 00000000 00000000 0240f094 776ce5ac ..........@...lw
0x0240edb8: 00000000 00000000 0240f084 00000001 ..........@.....
0x0240edc8: 0240ee18 0240ee18 0240ee54 0240ee54 ..@...@.T.@.T.@.
0x0240edd8: 0c6e88bd 5ce568d4 0240ee54 0240f2a8 ..n..h.\T.@...@.
0x0240ede8: 00000000 00fff000 0240f09c 0240f09c ..........@...@.
0x0240edf8: 0240ee54 00000000 00000001 00000000 T.@.............
0x0240ee08: 00000000 0265a440 0240f0b4 00000000 ....@.e...@.....
0x0240ee18: 00000000 00000000 7459afc8 00000001 ..........Yt....
0x0240ee28: 00000000 00000007 00000000 0265a440 ............@.e.
0x0240ee38: 00000000 00000003 776cbcce 11a80c80 ..........lw....
0x0240ee48: 11a80c80 00000000 fc559e01 0240ed68 ..........U.h.@.
0x0240ee58: 13689108 00000000 00000000 136890f0 ..h...........h.
0x0240ee68: 00000054 00000000 00000000 00000001 T...............
0x0240ee78: 00000000 00000000 00000000 00000000 ................
0x0240ee88: 00000000 00000002 00000000 00000000 ................
0x0240ee98: 00000000 5ce59920 5ce59850 0240f29c .... ..\P..\..@.
0x0240eea8: 00000000 00000000 00000000 5ce518d8 ...............\
0x0240eeb8: 00000000 00000000 00000000 00000140 ............@...
0x0240eec8: 00000000 00000000 00000000 00000000 ................
0x0240eed8: 13687820 00000000 00000000 00000000  xh.............
0x0240eee8: 00000000 00000000 00000003 0240dd14 ..............@.
0x0240eef8: 00000000 0240f038 0240f29c 00000000 ....8.@...@.....
0x0240ef08: 00000000 00000000 00000000 00000000 ................
0x0240ef18: 0240ef94 00000000 00000000 00000000 ..@.............
0x0240ef28: 00000000 00000000 00000080 11a80c80 ................
0x0240ef38: 776cbd06 0265a47c 00000000 00000001 ..lw|.e.........
0x0240ef48: 00000000 5ce5672a 0240f16c 776cba98 ....*g.\l.@...lw
0x0240ef58: 0240f2a8 00000000 776cba98 00000000 ..@.......lw....
0x0240ef68: 75def540 00000080 0240ef94 11a80d78 @..u......@.x...
0x0240ef78: 00000000 1181ff7c 00000000 5ce54ff8 ....|........O.\
0x0240ef88: 0240ee54 00000003 00000010 8a885d04 T.@..........]..
0x0240ef98: 0000006c 5ce54fea 5ce54fe0 00000007 l....O.\.O.\....
0x0240efa8: 5ce54ff8 0240f29c 00000233 00000000 .O.\..@.3.......
0x0240efb8: 5ce54fea 5ce5672a 00000022 00000000 .O.\*g.\".......
0x0240efc8: 00000000 00000000 00000001 00000020 ............ ...
0x0240efd8: 00000000 00000000 00000000 00000000 ................
0x0240efe8: 75e12340 00000000 00000000 00000000 @#.u............
0x0240eff8: 00000000 75e0f2b0 75e0f3a0 00000000 .......u...u....
0x0240f008: 00000000 00000000 00000000 00000000 ................
0x0240f018: 00000000 00000000 00000000 00000000 ................
0x0240f028: 0240f1c8 0240f02c 0240f02c 00000070 ..@.,.@.,.@.p...
0x0240f038: 0240f038 0240f038 00000017 00000000 8.@.8.@.........
0x0240f048: 00000000 00000000 00000000 00000000 ................
0x0240f058: 00000000 00000000 00000000 00000000 ................
0x0240f068: 00000000 00000000 00000000 00000000 ................
0x0240f078: 00000000 00000000 00000000 00000000 ................
0x0240f088: 00000000 00000000 00000000 00000000 ................
0x0240f098: 00000000 00000000 00000000 00000000 ................
0x0240f0a8: 00000000 00000000 00000000 00000000 ................
0x0240f0b8: 00000000 00000000 00000000 00000000 ................
0x0240f0c8: 00000000 00000000 00000000 00000000 ................
0x0240f0d8: 00000000 00000000 00000000 00000000 ................
0x0240f0e8: 00000000 00000000 00000000 00000000 ................
0x0240f0f8: 00000000 00000000 00000000 00000000 ................
0x0240f108: 00000000 00000000 00000000 00000000 ................
0x0240f118: 00000000 00000000 00000000 00000000 ................
0x0240f128: 00000000 00000000 00000000 00000000 ................
0x0240f138: 00000000 00000000 00000000 00000000 ................
0x0240f148: 00000000 00000000 00000000 00000000 ................
0x0240f158: 00000000 00000000 00000000 2b1b1290 ...............+
0x0240f168: 00000000 0240f18c 776cb9b4 00000080 ......@...lw....
0x0240f178: 00000010 11a80c78 00000010 11a80c68 ....x.......h...
0x0240f188: 00000000 0240f1ec 776c976f 11a80ce0 ......@.o.lw....
0x0240f198: 00000010 0240f270 776c977f 00000010 ....p.@...lw....
0x0240f1a8: 11a80cd0 0240f270 0000000b 00000000 ....p.@.........
0x0240f1b8: ffff0001 0240f20c 11a80ce0 00000000 ......@.........
0x0240f1c8: 00000000 00000000 00000000 00000000 ................
0x0240f1d8: 00000000 00000000 00000000 74635800 .............Xct
0x0240f1e8: 119d46a4 746ab880 74635868 0d088708 .F....jthXct....
0x0240f1f8: 00000001 119d4668 0240f270 00000000 ....hF..p.@.....
0x0240f208: fffffffe 00000001 00000002 7889d7c6 ...............x
0x0240f218: 0240f22c 745b135f 0d0887ac 745b136a ,.@._.[t....j.[t
0x0240f228: 7889d7f2 0240f240 75e0e93e 118200e4 ...x@.@.>..u....
0x0240f238: 75e0e949 6d022e0d 0240f290 5cdb414e I..u...m..@.NA.\
0x0240f248: 6d022e29 0240ed58 0240f37c 0240f2ec )..mX.@.|.@...@.
0x0240f258: 75e14aa0 1aa57c6d 00000001 0240f284 .J.um|........@.
0x0240f268: 745b3a90 5ce518d8 5ce54fe0 0240f29c .:[t...\.O.\..@.
0x0240f278: 0240f380 119d46f0 00000020 0240f294 ..@..F.. .....@.
0x0240f288: 746a272f 0240f29c 00000003 0240f2f8 /'jt..@.......@.
0x0240f298: 5cda9653 1181ff7c 119d4694 ffffffff S..\|....F......
0x0240f2a8: 00000001 0240f380 0240f2e0 0240f2e4 ......@...@...@.
0x0240f2b8: 38f0258a 044b6b08 01f14bb4 00000000 .%.8.kK..K......
0x0240f2c8: 041cd610 0240f2e4 0126556f 044b6b00 ......@.oU&..kK.
0x0240f2d8: 044b6b00 02170000 00000000 00000000 .kK.............
0x0240f2e8: 38f0258a 0240f9a0 5cdb7b58 ffffffff .%.8..@.X{.\....
0x0240f2f8: 0240f370 0127532f 119d46f0 ffffffff p.@./S'..F......
0x0240f308: 00000001 0240f37c 0240f380 00000010 ....|.@...@.....
0x0240f318: 00000010 00000000 0115fc24 044f2e50 ........$...P.O.
0x0240f328: 0240f3a8 0000000a 00000017 0240f3a8 ..@...........@.
0x0240f338: 0000000d 044f2e50 0240f3a8 0240f330 ....P.O...@.0.@.
0x0240f348: 0240f3a8 00000017 0240f370 0116ec14 ..@.....p.@.....
0x0240f358: 00000000 00000000 00000000 00000010 ................
0x0240f368: 136889e8 119d46f0 0240f3c8 012755c7 ..h..F....@..U'.
0x0240f378: 0240f38c 00000000 00000000 0513f070 ..@.........p...
0x0240f388: 00000000 36353533 35383532 30343230 ....355625850240
0x0240f398: 00000031 0000000d 0000000f 044e6470 1...........pdN.
0x0240f3a8: 044f2e50 39373637 02003933 01266952 P.O.767939..Ri&.
0x0240f3b8: 00000017 0000001f 0240f4bc 136889e8 ..........@...h.
0x0240f3c8: 0240f4bc 017534f5 00000010 0513f070 ..@..4u.....p...
0x0240f3d8: 00000000 0240f3f4 01265185 044e6500 ......@..Q&..eN.
0x0240f3e8: 00000010 00000010 02170000 0240f42c ............,.@.
0x0240f3f8: 342e3575 3266322e 00000000 0000002f u5.4.2f2..../...
0x0240f408: 00000008 0000000f 00000000 044e6470 ............pdN.
0x0240f418: 01267292 00000030 00000010 00000020 .r&.0....... ...
0x0240f428: 0000002f 0240f44c 646e6957 5073776f /...L.@.WindowsP
0x0240f438: 6579616c 00000072 0000000d 0000000f layer...........
0x0240f448: 0000004b 044e6470 0115f599 00000030 K...pdN.....0...
0x0240f458: 00000010 00000020 0000002f 01efeea8 .... .../.......
0x0240f468: 0000004b 0240f4a0 0115fbc6 00000030 K.....@.....0...
0x0240f478: 00000000 00000024 0513f080 342e3500 ....$........5.4
0x0240f488: 3266322e 0513f000 0240f47c 00000000 .2f2....|.@.....
0x0240f498: 0000000f 0240f4bc 044e6300 044e6500 ......@..cN..eN.
0x0240f4a8: 044e64d0 00000024 00000000 0000000f .dN.$...........
0x0240f4b8: 00000000 0240f4c4 017524ba 0240f4d4 ......@..$u...@.
0x0240f4c8: 01752f97 00000001 0513f070 0240f548 ./u.....p...H.@.
0x0240f4d8: 0175471b 0240f4ec 00000001 0513f070 .Gu...@.....p...
0x0240f4e8: 001a5b7d 044e64d0 0513f018 00000000 }[...dN.........
0x0240f4f8: 020ff548 00000024 0000002f 0140eb00 H...$.../.....@.
0x0240f508: 00000000 00000000 00000005 00000000 ................
0x0240f518: 00000000 0000000f f024e41f 00000100 ..........$.....
0x0240f528: 00000000 0240f5a1 00000010 00000000 ......@.........
0x0240f538: 0000000f 020ff624 0513f070 0240f558 ....$...p...X.@.
0x0240f548: 0240f558 017547e5 00000000 02129670 X.@..Gu.....p...
0x0240f558: 0240f574 0175485f 00000001 5e199068 t.@._Hu.....h..^
0x0240f568: 5e199068 001a5b7d 00000000 0240f5a8 h..^}[........@.
0x0240f578: 017514d5 0513f070 00000001 5e199068 ..u.p.......h..^
0x0240f588: 5e199068 001a5b7d 00000000 01fa2de5 h..^}[.......-..
0x0240f598: 0513f018 00000000 02129670 00000000 ........p.......
0x0240f5a8: 0240f610 01752144 00000001 5e199068 ..@.D!u.....h..^
0x0240f5b8: 5e199068 001a5b7d 00000000 00000002 h..^}[..........
0x0240f5c8: 00000003 02126350 044e6500 044f2e30 ....Pc...eN.0.O.
0x0240f5d8: 044ca3b0 0240f64c 00000000 0000000f ..L.L.@.........
0x0240f5e8: 00000002 044e6500 0240f5e0 0240f9a0 .....eN...@...@.
0x0240f5f8: 00000000 00000024 0000002f 0240f620 ....$.../... .@.
0x0240f608: f02be8dd 00000000 0240f61c 0175229a ..+.......@.."u.
0x0240f618: 00000001 0240f644 0139efa0 0513f018 ....D.@...9.....
0x0240f628: ffffffbc 04b14c00 00000002 04b14c00 .....L.......L..
0x0240f638: 044c7a01 04b14b70 0212632c 0240f6ac .zL.pK..,c....@.
0x0240f648: 0139fcaf ffffffbc 04b14c00 00000002 ..9......L......
0x0240f658: 044c7ab0 04b14b70 044c7a01 044f2cd0 .zL.pK...zL..,O.
0x0240f668: 044f2cd0 00000000 04b14bc4 0240f688 .,O......K....@.
0x0240f678: 044f2cf0 00000000 044f2cd0 00000000 .,O......,O.....
0x0240f688: 0240f698 012668f0 044f2cd0 00000008 ..@..h&..,O.....
0x0240f698: 0240f6d0 01168700 044f2cd0 04b14b70 ..@......,O.pK..
0x0240f6a8: 04b14b70 0240f6d0 0139fe6f 044c7ab0 pK....@.o.9..zL.
0x0240f6b8: 04b14b70 0139eb9a 00000010 044c7ab0 pK....9......zL.
0x0240f6c8: 00000001 044c7ab0 0240f6f0 0139ec2a .....zL...@.*.9.
0x0240f6d8: 00000002 7fffffff 00000010 04b14b70 ............pK..
0x0240f6e8: 00000000 00000001 0240f700 012481f1 ..........@...$.
0x0240f6f8: 0000000f 04b1a320 0240f794 0137adec .... .....@...7.
0x0240f708: 0240f72c 0240f748 0240f764 0240f780 ,.@.H.@.d.@...@.
0x0240f718: 00000000 00000002 74c92450 74c86730 ........P$.t0g.t
0x0240f728: 00000004 044f2d70 0240f768 011d1094 ....p-O.h.@.....
0x0240f738: 0240f768 0000001b 0000001f 0212dbcc h.@.............
0x0240f748: 6576656c 0100306c 00000000 00000000 level0..........
0x0240f758: 00000006 0000000f 00000000 044f2d50 ............P-O.
0x0240f768: 0240f784 01247286 044f2d70 00000014 ..@..r$.p-O.....
0x0240f778: 0000001f 00000000 00000000 00000000 ................
0x0240f788: 00000000 00000000 74c86730 0240f7d0 ........0g.t..@.
0x0240f798: 0137ae92 00000000 01411852 01412079 ..7.....R.A.y A.
0x0240f7a8: 00000000 00000001 000b04da 000000ff ................
0x0240f7b8: 00000001 0888085b 002847a5 000003b8 ....[....G(.....
0x0240f7c8: 0000004d 00000778 0240f908 014140ae M...x.....@..@A.
0x0240f7d8: 0183dbdb 00000000 00ffc000 044af550 ............P.J.
0x0240f7e8: 01c0003f 000001ff 00000000 0000002c ?...........,...
0x0240f7f8: 0000002f 00001fff 044ab990 00000000 /.........J.....
0x0240f808: 041b2438 02043de0 00000031 0000003f 8$...=..1...?...
0x0240f818: 0185c580 041b2438 02043de0 00000010 ....8$...=......
0x0240f828: 00000010 7fffffff 00000000 020ff548 ............H...
0x0240f838: 041b1e90 00000010 0240f800 0240f874 ..........@.t.@.
0x0240f848: 01859240 041b2438 02043de0 044aba10 @...8$...=....J.
0x0240f858: 0240f864 7fffffff 00000000 00000032 d.@.........2...
0x0240f868: 0000003f 041b05a8 044af670 0240f8a4 ?.......p.J...@.
0x0240f878: 0184a72c 041b2438 00000023 0000002f ,...8$..#.../...
0x0240f888: 0240f7c4 616e614d 00646567 6c65746e ..@.Managed.ntel
0x0240f898: 00000000 00000007 0000000f 0240f8b0 ..............@.
0x0240f8a8: 044ab9d0 044aba08 044aba08 0000000d ..J...J...J.....
0x0240f8b8: 041cc040 65646900 646e6957 6c00776f @....ideWindow.l
0x0240f8c8: 0240006c 00000000 0000000f 00000000 l.@.............
0x0240f8d8: 00000000 65726100 5748746e 0100444e .....arentHWND..
0x0240f8e8: 02655333 00000000 0000000f 00000000 3Se.............
0x0240f8f8: 041cc040 041cc080 00000000 00100801 @...............
0x0240f908: 0240f920 0180e478 01150000 00000000  .@.x...........
0x0240f918: 02655335 00000001 0240f9b0 0183db88 5Se.......@.....
0x0240f928: 01150000 00000000 02655335 00000001 ........5Se.....
0x0240f938: f9430c9b 0183dbdb 0183dbdb 00ffc000 ..C.............
0x0240f948: 00000044 02652c64 02652c44 02652bfe D...d,e.D,e..+e.
0x0240f958: 00000000 00000000 00000000 00000000 ................
0x0240f968: 00000000 00000000 00000000 00000401 ................
0x0240f978: 00000001 00000000 00000000 00010001 ................
0x0240f988: 00000000 0240f99c 0183dbdb 00000000 ......@.........
0x0240f998: 0240f938 7e5a51b4 0240f9fc 0183f500 8.@..QZ~..@.....
0x0240f9a8: f908ce93 00000000 0240f9c4 75fc62c4 ..........@..b.u
0x0240f9b8: 00ffc000 75fc62a0 26ce0f09 0240fa0c .....b.u...&..@.
0x0240f9c8: 77af0609 00ffc000 cbc360f6 00000000 ...w.....`......
0x0240f9d8: 00000000 00ffc000 00000000 00000000 ................
0x0240f9e8: 00000000 00000000 cbc360f6 0240f9d0 .........`....@.
0x0240f9f8: 00000000 0240fa14 77b05de0 be3be7ba ......@..].w..;.
0x0240fa08: 00000000 0240fa1c 77af05d4 ffffffff ......@....w....
0x0240fa18: 77b12536 00000000 00000000 0183dbdb 6%.w............
0x0240fa28: 00ffc000 00000000 00000000 00000000 ................
0x0240fa38: 00000000 00000000 00000000 00000000 ................
0x0240fa48: 00000000 00000000 00000000 00000000 ................
0x0240fa58: 00000000 00000000 00000000 00000000 ................
0x0240fa68: 00000000 00000000 00000000 00000000 ................
0x0240fa78: 00000000 00000000 00000000 00000000 ................
0x0240fa88: 00000000 00000000 00000000 00000000 ................
0x0240fa98: 00000000 00000000 00000000 00000000 ................
0x0240faa8: 00000000 00000000 00000000 00000000 ................
0x0240fab8: 00000000 00000000 00000000 00000000 ................
0x0240fac8: 00000000 00000000 00000000 00000000 ................
0x0240fad8: 00000000 00000000 00000000 00000000 ................
0x0240fae8: 00000000 00000000 00000000 00000000 ................
0x0240faf8: 00000000 00000000 00000000 00000000 ................
0x0240fb08: 00000000 00000000 00000000 00000000 ................
0x0240fb18: 00000000 00000000 00000000 00000000 ................
0x0240fb28: 00000000 00000000 00000000 00000000 ................
0x0240fb38: 00000000 00000000 00000000 00000000 ................
0x0240fb48: 00000000 00000000 00000000 00000000 ................
0x0240fb58: 00000000 00000000 00000000 00000000 ................
0x0240fb68: 00000000 00000000 00000000 00000000 ................
0x0240fb78: 00000000 00000000 00000000 00000000 ................
0x0240fb88: 00000000 00000000 00000000 00000000 ................
0x0240fb98: 00000000 00000000 00000000 00000000 ................
0x0240fba8: 00000000 00000000 00000000 00000000 ................
0x0240fbb8: 00000000 00000000 00000000 00000000 ................
0x0240fbc8: 00000000 00000000 00000000 00000000 ................
0x0240fbd8: 00000000 00000000 00000000 00000000 ................
0x0240fbe8: 00000000 00000000 00000000 00000000 ................
0x0240fbf8: 00000000 00000000 00000000 00000000 ................
0x0240fc08: 00000000 00000000 00000000 00000000 ................
0x0240fc18: 00000000 00000000 00000000 00000000 ................
0x0240fc28: 00000000 00000000 00000000 00000000 ................
0x0240fc38: 00000000 00000000 00000000 00000000 ................
0x0240fc48: 00000000 00000000 00000000 00000000 ................
0x0240fc58: 00000000 00000000 00000000 00000000 ................
0x0240fc68: 00000000 00000000 00000000 00000000 ................
0x0240fc78: 00000000 00000000 00000000 00000000 ................
0x0240fc88: 00000000 00000000 00000000 00000000 ................
0x0240fc98: 00000000 00000000 00000000 00000000 ................
0x0240fca8: 00000000 00000000 00000000 00000000 ................
0x0240fcb8: 00000000 00000000 00000000 00000000 ................
0x0240fcc8: 00000000 00000000 00000000 00000000 ................
0x0240fcd8: 00000000 00000000 00000000 00000000 ................
0x0240fce8: 00000000 00000000 00000000 00000000 ................
0x0240fcf8: 00000000 00000000 00000000 00000000 ................
0x0240fd08: 00000000 00000000 00000000 00000000 ................
0x0240fd18: 00000000 00000000 00000000 00000000 ................
0x0240fd28: 00000000 00000000 00000000 00000000 ................
0x0240fd38: 00000000 00000000 00000000 00000000 ................
0x0240fd48: 00000000 00000000 00000000 00000000 ................
0x0240fd58: 00000000 00000000 00000000 00000000 ................
0x0240fd68: 00000000 00000000 00000000 00000000 ................
0x0240fd78: 00000000 00000000 00000000 00000000 ................
0x0240fd88: 00000000 00000000 00000000 00000000 ................
0x0240fd98: 00000000 00000000 00000000 00000000 ................
0x0240fda8: 00000000 00000000 00000000 00000000 ................
0x0240fdb8: 00000000 00000000 00000000 00000000 ................
0x0240fdc8: 00000000 00000000 00000000 00000000 ................
0x0240fdd8: 00000000 00000000 00000000 00000000 ................
0x0240fde8: 00000000 00000000 00000000 00000000 ................
0x0240fdf8: 00000000 00000000 00000000 00000000 ................
0x0240fe08: 00000000 00000000 00000000 00000000 ................
0x0240fe18: 00000000 00000000 00000000 00000000 ................
0x0240fe28: 00000000 00000000 00000000 00000000 ................
0x0240fe38: 00000000 00000000 00000000 00000000 ................
0x0240fe48: 00000000 00000000 00000000 00000000 ................
0x0240fe58: 00000000 00000000 00000000 00000000 ................
0x0240fe68: 00000000 00000000 00000000 00000000 ................
0x0240fe78: 00000000 00000000 00000000 00000000 ................
0x0240fe88: 00000000 00000000 00000000 00000000 ................
0x0240fe98: 00000000 00000000 00000000 00000000 ................
0x0240fea8: 00000000 00000000 00000000 00000000 ................
0x0240feb8: 00000000 00000000 00000000 00000000 ................
0x0240fec8: 00000000 00000000 00000000 00000000 ................
0x0240fed8: 00000000 00000000 00000000 00000000 ................
0x0240fee8: 00000000 00000000 00000000 00000000 ................
0x0240fef8: 00000000 00000000 00000000 00000000 ................
0x0240ff08: 00000000 00000000 00000000 00000000 ................
0x0240ff18: 00000000 00000000 00000000 00000000 ................
0x0240ff28: 00000000 00000000 00000000 00000000 ................
0x0240ff38: 00000000 00000000 00000000 00000000 ................
0x0240ff48: 00000000 00000000 00000000 00000000 ................
0x0240ff58: 00000000 00000000 00000000 00000000 ................
0x0240ff68: 00000000 00000000 00000000 00000000 ................
0x0240ff78: 00000000 00000000 00000000 00000000 ................
0x0240ff88: 00000000 00000000 00000000 00000000 ................
0x0240ff98: 00000000 00000000 00000000 00000000 ................
0x0240ffa8: 00000000 00000000 00000000 00000000 ................
0x0240ffb8: 00000000 00000000 00000000 00000000 ................
0x0240ffc8: 00000000 00000000 00000000 00000000 ................
0x0240ffd8: 00000000 00000000 00000000 00000000 ................
0x0240ffe8: 00000000 00000000 00000000 00000000 ................
0x0240fff8: 00000000 00000000                   ........

Module 1
C:\WINDOWS\SYSTEM32\xinput1_3.dll
Image Base: 0x00400000  Image Size: 0x00016000
File Size:  81768       File Time:  2007-04-04_195342
Version:
   Company:    Microsoft Corporation
   Product:    Microsoft® DirectX for Windows®
   FileDesc:   Microsoft Common Controller API
   FileVer:    9.18.944.0
   ProdVer:    9.18.944.0

Module 2
E:\Games\Dissonance\Dissonance.exe
Image Base: 0x01150000  Image Size: 0x011b9000
File Size:  17737216    File Time:  2016-10-20_002638
Version:
   Company:    
   Product:    
   FileDesc:   
   FileVer:    5.4.2.57392
   ProdVer:    5.4.2.57392

Module 3
C:\WINDOWS\System32\DriverStore\FileRepository\nvltwu.inf_amd64_7abb66182eb8ed83\nvwgf2um.dll
Image Base: 0x079b0000  Image Size: 0x010f0000
File Size:  18140232    File Time:  2016-09-12_211002
Version:
   Company:    NVIDIA Corporation
   Product:    NVIDIA D3D10 drivers
   FileDesc:   NVIDIA D3D10 Driver, Version 369.09 
   FileVer:    21.21.13.6909
   ProdVer:    21.21.13.6909

Module 4
C:\WINDOWS\system32\nvspcap.dll
Image Base: 0x10000000  Image Size: 0x00101000
File Size:  1048152     File Time:  2014-01-20_172454
Version:
   Company:    NVIDIA Corporation
   Product:    NVIDIA GeForce Experience
   FileDesc:   NVIDIA Capture Server Proxy
   FileVer:    11.10.11.1
   ProdVer:    11.10.11.1

Module 5
E:\Games\Dissonance\Dissonance_Data\Mono\mono.dll
Image Base: 0x10000000  Image Size: 0x00230000
File Size:  2113496     File Time:  2016-10-20_003136
Version:
   Company:    Unity Technologies
   Product:    libmono
   FileDesc:   Unity Technologies fork of mono runtime
   FileVer:    1.0.0.1
   ProdVer:    1.0.0.1

Module 6
C:\WINDOWS\SYSTEM32\nvapi.dll
Image Base: 0x54d20000  Image Size: 0x0036c000
File Size:  3460824     File Time:  2016-09-12_211000
Version:
   Company:    NVIDIA Corporation
   Product:    NVIDIA Windows drivers
   FileDesc:   NVIDIA NVAPI Library, Version 369.09 
   FileVer:    21.21.13.6909
   ProdVer:    21.21.13.6909

Module 7
C:\WINDOWS\SYSTEM32\midimap.dll
Image Base: 0x5c990000  Image Size: 0x00008000
File Size:  18944       File Time:  2016-07-16_044250
Version:
   Company:    Microsoft Corporation
   Product:    Microsoft® Windows® Operating System
   FileDesc:   Microsoft MIDI Mapper
   FileVer:    10.0.14393.0
   ProdVer:    10.0.14393.0

Module 8
C:\WINDOWS\SYSTEM32\msacm32.drv
Image Base: 0x5c9a0000  Image Size: 0x0000a000
File Size:  24576       File Time:  2016-07-16_044250
Version:
   Company:    Microsoft Corporation
   Product:    Microsoft® Windows® Operating System
   FileDesc:   Microsoft Sound Mapper
   FileVer:    10.0.14393.0
   ProdVer:    10.0.14393.0

Module 9
C:\WINDOWS\SYSTEM32\AVRT.dll
Image Base: 0x5cbd0000  Image Size: 0x00009000
File Size:  29448       File Time:  2016-07-16_044250
Version:
   Company:    Microsoft Corporation
   Product:    Microsoft® Windows® Operating System
   FileDesc:   Multimedia Realtime Runtime
   FileVer:    10.0.14393.0
   ProdVer:    10.0.14393.0

Module 10
C:\WINDOWS\SYSTEM32\ksuser.dll
Image Base: 0x5cbe0000  Image Size: 0x00007000
File Size:  20672       File Time:  2016-07-16_044250
Version:
   Company:    Microsoft Corporation
   Product:    Microsoft® Windows® Operating System
   FileDesc:   User CSA Library
   FileVer:    10.0.14393.0
   ProdVer:    10.0.14393.0

Module 11
C:\WINDOWS\SYSTEM32\wdmaud.drv
Image Base: 0x5cbf0000  Image Size: 0x00039000
File Size:  207360      File Time:  2016-07-16_044250
Version:
   Company:    Microsoft Corporation
   Product:    Microsoft® Windows® Operating System
   FileDesc:   Winmm  audio system driver
   FileVer:    10.0.14393.0
   ProdVer:    10.0.14393.0

Module 12
C:\WINDOWS\system32\wbem\fastprox.dll
Image Base: 0x5cd80000  Image Size: 0x000c2000
File Size:  779776      File Time:  2016-07-16_044258
Version:
   Company:    Microsoft Corporation
   Product:    Microsoft® Windows® Operating System
   FileDesc:   WMI Custom Marshaller
   FileVer:    10.0.14393.0
   ProdVer:    10.0.14393.0

Module 13
C:\WINDOWS\system32\wbem\wbemsvc.dll
Image Base: 0x5ce50000  Image Size: 0x00010000
File Size:  48640       File Time:  2016-07-16_044258
Version:
   Company:    Microsoft Corporation
   Product:    Microsoft® Windows® Operating System
   FileDesc:   WMI
   FileVer:    10.0.14393.0
   ProdVer:    10.0.14393.0

Module 14
C:\WINDOWS\SYSTEM32\wbemcomn.dll
Image Base: 0x5ce60000  Image Size: 0x00067000
File Size:  391168      File Time:  2016-07-16_044258
Version:
   Company:    Microsoft Corporation
   Product:    Microsoft® Windows® Operating System
   FileDesc:   WMI
   FileVer:    10.0.14393.0
   ProdVer:    10.0.14393.0

Module 15
C:\WINDOWS\system32\wbem\wbemprox.dll
Image Base: 0x5ced0000  Image Size: 0x0000d000
File Size:  35328       File Time:  2016-07-16_044258
Version:
   Company:    Microsoft Corporation
   Product:    Microsoft® Windows® Operating System
   FileDesc:   WMI
   FileVer:    10.0.14393.0
   ProdVer:    10.0.14393.0

Module 16
C:\WINDOWS\SYSTEM32\HID.DLL
Image Base: 0x60750000  Image Size: 0x0000a000
File Size:  25600       File Time:  2016-07-16_044250
Version:
   Company:    Microsoft Corporation
   Product:    Microsoft® Windows® Operating System
   FileDesc:   Hid User Library
   FileVer:    10.0.14393.0
   ProdVer:    10.0.14393.0

Module 17
C:\WINDOWS\SYSTEM32\MSACM32.dll
Image Base: 0x62cc0000  Image Size: 0x00018000
File Size:  90912       File Time:  2016-07-16_044250
Version:
   Company:    Microsoft Corporation
   Product:    Microsoft® Windows® Operating System
   FileDesc:   Microsoft ACM Audio Filter
   FileVer:    10.0.14393.0
   ProdVer:    10.0.14393.0

Module 18
C:\WINDOWS\System32\MMDevApi.dll
Image Base: 0x62f70000  Image Size: 0x00058000
File Size:  352768      File Time:  2016-07-16_044250
Version:
   Company:    Microsoft Corporation
   Product:    Microsoft® Windows® Operating System
   FileDesc:   MMDevice API
   FileVer:    10.0.14393.0
   ProdVer:    10.0.14393.0

Module 19
C:\WINDOWS\SYSTEM32\AUDIOSES.DLL
Image Base: 0x62fd0000  Image Size: 0x0007b000
File Size:  484584      File Time:  2016-09-15_111442
Version:
   Company:    Microsoft Corporation
   Product:    Microsoft® Windows® Operating System
   FileDesc:   Audio Session
   FileVer:    10.0.14393.206
   ProdVer:    10.0.14393.206

Module 20
C:\WINDOWS\SYSTEM32\dxgi.dll
Image Base: 0x64d40000  Image Size: 0x00084000
File Size:  527880      File Time:  2016-07-16_044250
Version:
   Company:    Microsoft Corporation
   Product:    Microsoft® Windows® Operating System
   FileDesc:   DirectX Graphics Infrastructure
   FileVer:    10.0.14393.0
   ProdVer:    10.0.14393.0

Module 21
C:\WINDOWS\SYSTEM32\d3d11.dll
Image Base: 0x64dd0000  Image Size: 0x00230000
File Size:  2277800     File Time:  2016-07-16_044250
Version:
   Company:    Microsoft Corporation
   Product:    Microsoft® Windows® Operating System
   FileDesc:   Direct3D 11 Runtime
   FileVer:    10.0.14393.0
   ProdVer:    10.0.14393.0

Module 22
C:\WINDOWS\SYSTEM32\OPENGL32.dll
Image Base: 0x684b0000  Image Size: 0x000e0000
File Size:  786944      File Time:  2016-07-16_044306
Version:
   Company:    Microsoft Corporation
   Product:    Microsoft® Windows® Operating System
   FileDesc:   OpenGL Client DLL
   FileVer:    10.0.14393.0
   ProdVer:    10.0.14393.0

Module 23
C:\WINDOWS\SYSTEM32\GLU32.dll
Image Base: 0x6aa10000  Image Size: 0x00025000
File Size:  141312      File Time:  2016-07-16_044306
Version:
   Company:    Microsoft Corporation
   Product:    Microsoft® Windows® Operating System
   FileDesc:   OpenGL Utility Library DLL
   FileVer:    10.0.14393.0
   ProdVer:    10.0.14393.0

Module 24
C:\WINDOWS\system32\rsaenh.dll
Image Base: 0x6c110000  Image Size: 0x0002f000
File Size:  184416      File Time:  2016-07-16_044256
Version:
   Company:    Microsoft Corporation
   Product:    Microsoft® Windows® Operating System
   FileDesc:   Microsoft Enhanced Cryptographic Provider
   FileVer:    10.0.14393.0
   ProdVer:    10.0.14393.0

Module 25
C:\WINDOWS\SYSTEM32\CRYPTSP.dll
Image Base: 0x6c140000  Image Size: 0x00013000
File Size:  68720       File Time:  2016-07-16_044256
Version:
   Company:    Microsoft Corporation
   Product:    Microsoft® Windows® Operating System
   FileDesc:   Cryptographic Service Provider API
   FileVer:    10.0.14393.0
   ProdVer:    10.0.14393.0

Module 26
C:\WINDOWS\System32\PROPSYS.dll
Image Base: 0x6fbc0000  Image Size: 0x0014f000
File Size:  1375456     File Time:  2016-07-16_044256
Version:
   Company:    Microsoft Corporation
   Product:    Windows® Search
   FileDesc:   Microsoft Property System
   FileVer:    7.0.14393.0
   ProdVer:    7.0.14393.0

Module 27
C:\WINDOWS\SYSTEM32\wintypes.dll
Image Base: 0x72a00000  Image Size: 0x000cf000
File Size:  846560      File Time:  2016-09-15_102056
Version:
   Company:    Microsoft Corporation
   Product:    Microsoft® Windows® Operating System
   FileDesc:   Windows Base Types DLL
   FileVer:    10.0.14393.206
   ProdVer:    10.0.14393.206

Module 28
C:\WINDOWS\System32\fwpuclnt.dll
Image Base: 0x72c20000  Image Size: 0x00049000
File Size:  279040      File Time:  2016-07-16_044256
Version:
   Company:    Microsoft Corporation
   Product:    Microsoft® Windows® Operating System
   FileDesc:   FWP/IPsec User-Mode API
   FileVer:    10.0.14393.0
   ProdVer:    10.0.14393.0

Module 29
C:\WINDOWS\system32\dwmapi.dll
Image Base: 0x72d30000  Image Size: 0x0001f000
File Size:  113504      File Time:  2016-09-15_101352
Version:
   Company:    Microsoft Corporation
   Product:    Microsoft® Windows® Operating System
   FileDesc:   Microsoft Desktop Window Manager API
   FileVer:    10.0.14393.206
   ProdVer:    10.0.14393.206

Module 30
C:\WINDOWS\SYSTEM32\DCIMAN32.dll
Image Base: 0x72ed0000  Image Size: 0x00007000
File Size:  11776       File Time:  2016-07-16_044250
Version:
   Company:    Microsoft Corporation
   Product:    Microsoft® Windows® Operating System
   FileDesc:   DCI Manager
   FileVer:    10.0.14393.0
   ProdVer:    10.0.14393.0

Module 31
C:\WINDOWS\SYSTEM32\DDRAW.dll
Image Base: 0x72ee0000  Image Size: 0x000ed000
File Size:  547840      File Time:  2016-07-16_044306
Version:
   Company:    Microsoft Corporation
   Product:    Microsoft® Windows® Operating System
   FileDesc:   Microsoft DirectDraw
   FileVer:    10.0.14393.0
   ProdVer:    10.0.14393.0

Module 32
C:\WINDOWS\SYSTEM32\dbghelp.dll
Image Base: 0x73000000  Image Size: 0x00145000
File Size:  1220608     File Time:  2016-07-16_044258
Version:
   Company:    Microsoft
   Product:    Microsoft® Windows® Operating System
   FileDesc:   Windows Image Helper
   FileVer:    10.0.14321.1024
   ProdVer:    10.0.14321.1024

Module 33
C:\WINDOWS\SYSTEM32\ntmarta.dll
Image Base: 0x73150000  Image Size: 0x00028000
File Size:  154432      File Time:  2016-07-16_044256
Version:
   Company:    Microsoft Corporation
   Product:    Microsoft® Windows® Operating System
   FileDesc:   Windows NT MARTA provider
   FileVer:    10.0.14393.0
   ProdVer:    10.0.14393.0

Module 34
C:\WINDOWS\system32\uxtheme.dll
Image Base: 0x73720000  Image Size: 0x00075000
File Size:  457728      File Time:  2016-07-16_044306
Version:
   Company:    Microsoft Corporation
   Product:    Microsoft® Windows® Operating System
   FileDesc:   Microsoft UxTheme Library
   FileVer:    10.0.14393.0
   ProdVer:    10.0.14393.0

Module 35
C:\WINDOWS\WinSxS\x86_microsoft.windows.common-controls_6595b64144ccf1df_6.0.14393.0_none_74bc87d3d22d9abe\comctl32.dll
Image Base: 0x737a0000  Image Size: 0x0020a000
File Size:  2121568     File Time:  2016-07-16_044306
Version:
   Company:    Microsoft Corporation
   Product:    Microsoft® Windows® Operating System
   FileDesc:   User Experience Controls Library
   FileVer:    6.10.14393.0
   ProdVer:    10.0.14393.0

Module 36
C:\WINDOWS\SYSTEM32\dhcpcsvc.DLL
Image Base: 0x739b0000  Image Size: 0x00014000
File Size:  63488       File Time:  2016-07-16_044256
Version:
   Company:    Microsoft Corporation
   Product:    Microsoft® Windows® Operating System
   FileDesc:   DHCP Client Service
   FileVer:    10.0.14393.0
   ProdVer:    10.0.14393.0

Module 37
C:\WINDOWS\SYSTEM32\dhcpcsvc6.DLL
Image Base: 0x739d0000  Image Size: 0x00013000
File Size:  57344       File Time:  2016-07-16_044256
Version:
   Company:    Microsoft Corporation
   Product:    Microsoft® Windows® Operating System
   FileDesc:   DHCPv6 Client
   FileVer:    10.0.14393.0
   ProdVer:    10.0.14393.0

Module 38
C:\Windows\System32\rasadhlp.dll
Image Base: 0x739f0000  Image Size: 0x00008000
File Size:  13312       File Time:  2016-07-16_044302
Version:
   Company:    Microsoft Corporation
   Product:    Microsoft® Windows® Operating System
   FileDesc:   Remote Access AutoDial Helper
   FileVer:    10.0.14393.0
   ProdVer:    10.0.14393.0

Module 39
C:\WINDOWS\SYSTEM32\DNSAPI.dll
Image Base: 0x73a10000  Image Size: 0x0007c000
File Size:  496872      File Time:  2016-09-15_103716
Version:
   Company:    Microsoft Corporation
   Product:    Microsoft® Windows® Operating System
   FileDesc:   DNS Client API DLL
   FileVer:    10.0.14393.206
   ProdVer:    10.0.14393.206

Module 40
C:\WINDOWS\SYSTEM32\DEVOBJ.dll
Image Base: 0x73b90000  Image Size: 0x00022000
File Size:  132232      File Time:  2016-07-16_044256
Version:
   Company:    Microsoft Corporation
   Product:    Microsoft® Windows® Operating System
   FileDesc:   Device Information Set DLL
   FileVer:    10.0.14393.0
   ProdVer:    10.0.14393.0

Module 41
C:\WINDOWS\SYSTEM32\MSWSOCK.dll
Image Base: 0x73da0000  Image Size: 0x0004e000
File Size:  306016      File Time:  2016-07-16_044256
Version:
   Company:    Microsoft Corporation
   Product:    Microsoft® Windows® Operating System
   FileDesc:   Microsoft Windows Sockets 2.0 Service Provider
   FileVer:    10.0.14393.0
   ProdVer:    10.0.14393.0

Module 42
C:\WINDOWS\SYSTEM32\WINMMBASE.dll
Image Base: 0x740e0000  Image Size: 0x00023000
File Size:  131208      File Time:  2016-07-16_044250
Version:
   Company:    Microsoft Corporation
   Product:    Microsoft® Windows® Operating System
   FileDesc:   Base Multimedia Extension API DLL
   FileVer:    10.0.14393.0
   ProdVer:    10.0.14393.0

Module 43
C:\WINDOWS\SYSTEM32\WINMM.dll
Image Base: 0x741a0000  Image Size: 0x00024000
File Size:  135376      File Time:  2016-07-16_044250
Version:
   Company:    Microsoft Corporation
   Product:    Microsoft® Windows® Operating System
   FileDesc:   MCI API DLL
   FileVer:    10.0.14393.0
   ProdVer:    10.0.14393.0

Module 44
C:\WINDOWS\SYSTEM32\bcrypt.dll
Image Base: 0x742f0000  Image Size: 0x0001b000
File Size:  106896      File Time:  2016-07-16_044256
Version:
   Company:    Microsoft Corporation
   Product:    Microsoft® Windows® Operating System
   FileDesc:   Windows Cryptographic Primitives Library
   FileVer:    10.0.14393.0
   ProdVer:    10.0.14393.0

Module 45
C:\WINDOWS\SYSTEM32\IPHLPAPI.DLL
Image Base: 0x74310000  Image Size: 0x0002f000
File Size:  184416      File Time:  2016-07-16_044256
Version:
   Company:    Microsoft Corporation
   Product:    Microsoft® Windows® Operating System
   FileDesc:   IP Helper API
   FileVer:    10.0.14393.0
   ProdVer:    10.0.14393.0

Module 46
C:\WINDOWS\SYSTEM32\WINHTTP.dll
Image Base: 0x74450000  Image Size: 0x0009f000
File Size:  631808      File Time:  2016-07-16_044256
Version:
   Company:    Microsoft Corporation
   Product:    Microsoft® Windows® Operating System
   FileDesc:   Windows HTTP Services
   FileVer:    10.0.14393.0
   ProdVer:    10.0.14393.0

Module 47
C:\WINDOWS\SYSTEM32\VERSION.dll
Image Base: 0x74530000  Image Size: 0x00008000
File Size:  27360       File Time:  2016-07-16_044306
Version:
   Company:    Microsoft Corporation
   Product:    Microsoft® Windows® Operating System
   FileDesc:   Version Checking and File Installation Libraries
   FileVer:    10.0.14393.0
   ProdVer:    10.0.14393.0

Module 48
C:\WINDOWS\System32\CRYPTBASE.dll
Image Base: 0x74540000  Image Size: 0x0000a000
File Size:  31528       File Time:  2016-07-16_044250
Version:
   Company:    Microsoft Corporation
   Product:    Microsoft® Windows® Operating System
   FileDesc:   Base cryptographic API DLL
   FileVer:    10.0.14393.0
   ProdVer:    10.0.14393.0

Module 49
C:\WINDOWS\System32\SspiCli.dll
Image Base: 0x74550000  Image Size: 0x0001e000
File Size:  117240      File Time:  2016-09-26_111428
Version:
   Company:    Microsoft Corporation
   Product:    Microsoft® Windows® Operating System
   FileDesc:   Security Support Provider Interface
   FileVer:    10.0.14393.187
   ProdVer:    10.0.14393.187

Module 50
C:\WINDOWS\System32\win32u.dll
Image Base: 0x74570000  Image Size: 0x00015000
File Size:  79536       File Time:  2016-09-26_111416
Version:
   Company:    Microsoft Corporation
   Product:    Microsoft® Windows® Operating System
   FileDesc:   Win32u
   FileVer:    10.0.14393.51
   ProdVer:    10.0.14393.51

Module 51
C:\WINDOWS\System32\combase.dll
Image Base: 0x74590000  Image Size: 0x00211000
File Size:  2166232     File Time:  2016-09-26_111416
Version:
   Company:    Microsoft Corporation
   Product:    Microsoft® Windows® Operating System
   FileDesc:   Microsoft COM for Windows
   FileVer:    10.0.14393.187
   ProdVer:    10.0.14393.187

Module 52
C:\WINDOWS\System32\PSAPI.DLL
Image Base: 0x747b0000  Image Size: 0x00006000
File Size:  17048       File Time:  2016-07-16_044246
Version:
   Company:    Microsoft Corporation
   Product:    Microsoft® Windows® Operating System
   FileDesc:   Process Status Helper
   FileVer:    10.0.14393.0
   ProdVer:    10.0.14393.0

Module 53
C:\WINDOWS\System32\powrprof.dll
Image Base: 0x747c0000  Image Size: 0x00045000
File Size:  275832      File Time:  2016-07-16_044256
Version:
   Company:    Microsoft Corporation
   Product:    Microsoft® Windows® Operating System
   FileDesc:   Power Profile Helper DLL
   FileVer:    10.0.14393.0
   ProdVer:    10.0.14393.0

Module 54
C:\WINDOWS\System32\KERNELBASE.dll
Image Base: 0x74810000  Image Size: 0x001a1000
File Size:  1705976     File Time:  2016-10-05_030326
Version:
   Company:    Microsoft Corporation
   Product:    Microsoft® Windows® Operating System
   FileDesc:   Windows NT BASE API Client DLL
   FileVer:    10.0.14393.321
   ProdVer:    10.0.14393.321

Module 55
C:\WINDOWS\System32\SHLWAPI.dll
Image Base: 0x749c0000  Image Size: 0x00046000
File Size:  284056      File Time:  2016-07-16_044304
Version:
   Company:    Microsoft Corporation
   Product:    Microsoft® Windows® Operating System
   FileDesc:   Shell Light-weight Utility Library
   FileVer:    10.0.14393.0
   ProdVer:    10.0.14393.0

Module 56
C:\WINDOWS\System32\IMM32.dll
Image Base: 0x74a10000  Image Size: 0x00025000
File Size:  144632      File Time:  2016-07-16_044250
Version:
   Company:    Microsoft Corporation
   Product:    Microsoft® Windows® Operating System
   FileDesc:   Multi-User Windows IMM32 API Client DLL
   FileVer:    10.0.14393.0
   ProdVer:    10.0.14393.0

Module 57
C:\WINDOWS\System32\GDI32.dll
Image Base: 0x74a40000  Image Size: 0x0002b000
File Size:  170960      File Time:  2016-09-15_102320
Version:
   Company:    Microsoft Corporation
   Product:    Microsoft® Windows® Operating System
   FileDesc:   GDI Client DLL
   FileVer:    10.0.14393.206
   ProdVer:    10.0.14393.206

Module 58
C:\WINDOWS\System32\clbcatq.dll
Image Base: 0x74a70000  Image Size: 0x00084000
File Size:  528360      File Time:  2016-07-16_044248
Version:
   Company:    Microsoft Corporation
   Product:    Microsoft® Windows® Operating System
   FileDesc:   COM+ Configuration Catalog
   FileVer:    2001.12.10941.16384
   ProdVer:    10.0.14393.0

Module 59
C:\WINDOWS\System32\shcore.dll
Image Base: 0x74b00000  Image Size: 0x00088000
File Size:  549088      File Time:  2016-07-16_044244
Version:
   Company:    Microsoft Corporation
   Product:    Microsoft® Windows® Operating System
   FileDesc:   SHCORE
   FileVer:    10.0.14393.0
   ProdVer:    10.0.14393.0

Module 60
C:\WINDOWS\System32\ucrtbase.dll
Image Base: 0x74b90000  Image Size: 0x000e0000
File Size:  918304      File Time:  2016-07-16_044256
Version:
   Company:    Microsoft Corporation
   Product:    Microsoft® Windows® Operating System
   FileDesc:   Microsoft® C Runtime Library
   FileVer:    10.0.14393.0
   ProdVer:    10.0.14393.0

Module 61
C:\WINDOWS\System32\USER32.dll
Image Base: 0x74c70000  Image Size: 0x0015f000
File Size:  1435896     File Time:  2016-09-26_111416
Version:
   Company:    Microsoft Corporation
   Product:    Microsoft® Windows® Operating System
   FileDesc:   Multi-User Windows USER API Client DLL
   FileVer:    10.0.14393.5
   ProdVer:    10.0.14393.5

Module 62
C:\WINDOWS\System32\msvcrt.dll
Image Base: 0x74dd0000  Image Size: 0x000be000
File Size:  773168      File Time:  2016-07-16_044250
Version:
   Company:    Microsoft Corporation
   Product:    Microsoft® Windows® Operating System
   FileDesc:   Windows NT CRT DLL
   FileVer:    7.0.14393.0
   ProdVer:    10.0.14393.0

Module 63
C:\WINDOWS\System32\cfgmgr32.dll
Image Base: 0x75010000  Image Size: 0x00036000
File Size:  213848      File Time:  2016-07-16_044256
Version:
   Company:    Microsoft Corporation
   Product:    Microsoft® Windows® Operating System
   FileDesc:   Configuration Manager DLL
   FileVer:    10.0.14393.0
   ProdVer:    10.0.14393.0

Module 64
C:\WINDOWS\System32\SETUPAPI.dll
Image Base: 0x75050000  Image Size: 0x0040b000
File Size:  4268368     File Time:  2016-07-16_044246
Version:
   Company:    Microsoft Corporation
   Product:    Microsoft® Windows® Operating System
   FileDesc:   Windows Setup API
   FileVer:    10.0.14393.0
   ProdVer:    10.0.14393.0

Module 65
C:\WINDOWS\System32\windows.storage.dll
Image Base: 0x75460000  Image Size: 0x0056e000
File Size:  5722320     File Time:  2016-09-15_102242
Version:
   Company:    Microsoft Corporation
   Product:    Microsoft® Windows® Operating System
   FileDesc:   Microsoft WinRT Storage API
   FileVer:    10.0.14393.206
   ProdVer:    10.0.14393.206

Module 66
C:\WINDOWS\System32\sechost.dll
Image Base: 0x759d0000  Image Size: 0x00041000
File Size:  255168      File Time:  2016-07-16_044250
Version:
   Company:    Microsoft Corporation
   Product:    Microsoft® Windows® Operating System
   FileDesc:   Host for SCM/SDDL/LSA Lookup APIs
   FileVer:    10.0.14393.0
   ProdVer:    10.0.14393.0

Module 67
C:\WINDOWS\System32\CRYPT32.dll
Image Base: 0x75a80000  Image Size: 0x0017d000
File Size:  1556200     File Time:  2016-07-16_044256
Version:
   Company:    Microsoft Corporation
   Product:    Microsoft® Windows® Operating System
   FileDesc:   Crypto API32
   FileVer:    10.0.14393.0
   ProdVer:    10.0.14393.0

Module 68
C:\WINDOWS\System32\ole32.dll
Image Base: 0x75c00000  Image Size: 0x000ea000
File Size:  959104      File Time:  2016-09-26_111428
Version:
   Company:    Microsoft Corporation
   Product:    Microsoft® Windows® Operating System
   FileDesc:   Microsoft OLE for Windows
   FileVer:    10.0.14393.187
   ProdVer:    10.0.14393.187

Module 69
C:\WINDOWS\System32\WINTRUST.dll
Image Base: 0x75cf0000  Image Size: 0x00044000
File Size:  272720      File Time:  2016-09-15_102142
Version:
   Company:    Microsoft Corporation
   Product:    Microsoft® Windows® Operating System
   FileDesc:   Microsoft Trust Verification APIs
   FileVer:    10.0.14393.206
   ProdVer:    10.0.14393.206

Module 70
C:\WINDOWS\System32\msvcp_win.dll
Image Base: 0x75d40000  Image Size: 0x0007b000
File Size:  498408      File Time:  2016-07-16_044256
Version:
   Company:    Microsoft Corporation
   Product:    Microsoft® Windows® Operating System
   FileDesc:   Microsoft® C Runtime Library
   FileVer:    10.0.14393.0
   ProdVer:    10.0.14393.0

Module 71
C:\WINDOWS\System32\kernel.appcore.dll
Image Base: 0x75dc0000  Image Size: 0x0000d000
File Size:  43416       File Time:  2016-07-16_044256
Version:
   Company:    Microsoft Corporation
   Product:    Microsoft® Windows® Operating System
   FileDesc:   AppModel API Host
   FileVer:    10.0.14393.0
   ProdVer:    10.0.14393.0

Module 72
C:\WINDOWS\System32\RPCRT4.dll
Image Base: 0x75dd0000  Image Size: 0x000c1000
File Size:  790760      File Time:  2016-09-26_111428
Version:
   Company:    Microsoft Corporation
   Product:    Microsoft® Windows® Operating System
   FileDesc:   Remote Procedure Call Runtime
   FileVer:    10.0.14393.82
   ProdVer:    10.0.14393.82

Module 73
C:\WINDOWS\System32\NSI.dll
Image Base: 0x75ea0000  Image Size: 0x00007000
File Size:  20152       File Time:  2016-07-16_044228
Version:
   Company:    Microsoft Corporation
   Product:    Microsoft® Windows® Operating System
   FileDesc:   NSI User-mode interface DLL
   FileVer:    10.0.14393.0
   ProdVer:    10.0.14393.0

Module 74
C:\WINDOWS\System32\MSASN1.dll
Image Base: 0x75fa0000  Image Size: 0x0000e000
File Size:  49080       File Time:  2016-07-16_044256
Version:
   Company:    Microsoft Corporation
   Product:    Microsoft® Windows® Operating System
   FileDesc:   ASN.1 Runtime APIs
   FileVer:    10.0.14393.0
   ProdVer:    10.0.14393.0

Module 75
C:\WINDOWS\System32\KERNEL32.DLL
Image Base: 0x75fb0000  Image Size: 0x000e0000
File Size:  616048      File Time:  2016-07-16_044246
Version:
   Company:    Microsoft Corporation
   Product:    Microsoft® Windows® Operating System
   FileDesc:   Windows NT BASE API Client DLL
   FileVer:    10.0.14393.0
   ProdVer:    10.0.14393.0

Module 76
C:\WINDOWS\System32\SHELL32.dll
Image Base: 0x76090000  Image Size: 0x013d7000
File Size:  20965240    File Time:  2016-10-05_024544
Version:
   Company:    Microsoft Corporation
   Product:    Microsoft® Windows® Operating System
   FileDesc:   Windows Shell Common Dll
   FileVer:    10.0.14393.321
   ProdVer:    10.0.14393.321

Module 77
C:\WINDOWS\System32\WS2_32.dll
Image Base: 0x77470000  Image Size: 0x00063000
File Size:  402352      File Time:  2016-09-15_103706
Version:
   Company:    Microsoft Corporation
   Product:    Microsoft® Windows® Operating System
   FileDesc:   Windows Socket 2.0 32-Bit DLL
   FileVer:    10.0.14393.206
   ProdVer:    10.0.14393.206

Module 78
C:\WINDOWS\System32\profapi.dll
Image Base: 0x774e0000  Image Size: 0x0000f000
File Size:  54752       File Time:  2016-07-16_044250
Version:
   Company:    Microsoft Corporation
   Product:    Microsoft® Windows® Operating System
   FileDesc:   User Profile Basic API
   FileVer:    10.0.14393.0
   ProdVer:    10.0.14393.0

Module 79
C:\WINDOWS\System32\gdi32full.dll
Image Base: 0x77550000  Image Size: 0x0015b000
File Size:  1415752     File Time:  2016-09-15_101404
Version:
   Company:    Microsoft Corporation
   Product:    Microsoft® Windows® Operating System
   FileDesc:   GDI Client DLL
   FileVer:    10.0.14393.206
   ProdVer:    10.0.14393.206

Module 80
C:\WINDOWS\System32\bcryptPrimitives.dll
Image Base: 0x776b0000  Image Size: 0x0005a000
File Size:  367208      File Time:  2016-07-16_044228
Version:
   Company:    Microsoft Corporation
   Product:    Microsoft® Windows® Operating System
   FileDesc:   Windows Cryptographic Primitives Library
   FileVer:    10.0.14393.0
   ProdVer:    10.0.14393.0

Module 81
C:\WINDOWS\System32\OLEAUT32.dll
Image Base: 0x77710000  Image Size: 0x00094000
File Size:  601200      File Time:  2016-09-26_111416
Version:
   Company:    Microsoft Corporation
   Product:    
   FileDesc:   
   FileVer:    10.0.14393.187
   ProdVer:    10.0.14393.187

Module 82
C:\WINDOWS\System32\ADVAPI32.dll
Image Base: 0x77810000  Image Size: 0x00077000
File Size:  482392      File Time:  2016-07-16_044250
Version:
   Company:    Microsoft Corporation
   Product:    Microsoft® Windows® Operating System
   FileDesc:   Advanced Windows 32 Base API
   FileVer:    10.0.14393.0
   ProdVer:    10.0.14393.0

Module 83
C:\WINDOWS\System32\MSCTF.dll
Image Base: 0x778b0000  Image Size: 0x00136000
File Size:  1264912     File Time:  2016-09-15_101400
Version:
   Company:    Microsoft Corporation
   Product:    Microsoft® Windows® Operating System
   FileDesc:   MSCTF Server DLL
   FileVer:    10.0.14393.206
   ProdVer:    10.0.14393.206

Module 84
C:\WINDOWS\SYSTEM32\ntdll.dll
Image Base: 0x77a90000  Image Size: 0x00182000
File Size:  1570680     File Time:  2016-09-15_103524
Version:
   Company:    Microsoft Corporation
   Product:    Microsoft® Windows® Operating System
   FileDesc:   NT Layer DLL
   FileVer:    10.0.14393.206
   ProdVer:    10.0.14393.206


== [end of error.log] ==
