Unity Player [version: Unity 5.4.2f2_b7e030c65c9b]

build.exe caused an Access Violation (0xc0000005)
  in module build.exe at 0023:0115b296.

Error occurred at 2016-10-23_045804.
F:\Zhouball\Documents\Unity Projects\Dissonance\build.exe, run by Owner.
39% memory in use.
0 MB physical memory [0 MB free].
0 MB paging file [0 MB free].
0 MB user address space [3675 MB free].
Read from location 000005d4 caused an access violation.

Context:
EDI:    0x00000000  ESI: 0x04ebc070  EAX:   0x020fe480
EBX:    0x005fc707  ECX: 0x00000000  EDX:   0x00000002
EIP:    0x0115b296  EBP: 0x020fe46c  SegCs: 0x00000023
EFlags: 0x00210287  ESP: 0x020fe468  SegSs: 0x0000002b

Bytes at CS:EIP:
83 bf d4 05 00 00 00 75 07 32 c0 5f 5d c2 04 00 

Stack:
0x020fe468: 01992f2d 020fe49c 01143609 020fe480 -/.......6......
0x020fe478: 00000003 04ebc070 666e6f63 00006769 ....p...config..
0x020fe488: 76aef8db fffffd83 00000006 0000000f ...v............
0x020fe498: fffffee3 020fe4a4 011424c7 020fe4bc .........$......
0x020fe4a8: 011425f6 00000002 01144800 00000000 .%.......H......
0x020fe4b8: 01b19670 020fe4d8 0114485f 00000003 p......._H......
0x020fe4c8: 453fed0e 453fed0e 005fc707 00000000 ..?E..?E.._.....
0x020fe4d8: 020fe50c 011414d5 04ebc070 00000003 ........p.......
0x020fe4e8: 453fed0e 453fed0e 005fc707 00000000 ..?E..?E.._.....
0x020fe4f8: 00000003 04ebc018 00000000 01b19670 ............p...
0x020fe508: 00000000 020fe574 01142144 00000003 ....t...D!......
0x020fe518: 453fed0e 453fed0e 005fc707 00000000 ..?E..?E.._.....
0x020fe528: 01b19974 00000000 01b19974 00000000 t.......t.......
0x020fe538: 00000001 c16145f4 04861fc0 0486be30 .....Ea.....0...
0x020fe548: 020fe558 017880f7 04861fc0 04899540 X.....x.....@...
0x020fe558: 020fe57c 00fb8c23 04dc13e8 020fe578 |...#.......x...
0x020fe568: 00000000 f16795f8 00000000 020fe580 ......g.........
0x020fe578: 01142167 00000003 020fe59c 00b7f381 g!..............
0x020fe588: 04ebc018 00000000 00000000 04861fc0 ................
0x020fe598: 00000000 020fe5bc 00d697df 00000000 ................
0x020fe5a8: 00000006 00000000 fffffffe 020fe604 ................
0x020fe5b8: 00e01e90 020fe604 00e01c02 00000000 ................
0x020fe5c8: 00000001 00000000 00000001 00e01950 ............P...
0x020fe5d8: 770a2e40 1f9afe44 000004b0 00000000 @..wD...........
0x020fe5e8: 7708a733 02b6f800 00000000 0000001c 3..w............
0x020fe5f8: 00000001 00001654 00000000 020fe630 ....T.......0...
0x020fe608: 76b0d273 00c90672 00000006 00000001 s..vr...........
0x020fe618: 00000000 00000001 dcbaabcd 00e01950 ............P...
0x020fe628: 00000000 00000001 020fe718 76aee84a ............J..v
0x020fe638: 00e01950 00c90672 00000006 00000001 P...r...........
0x020fe648: 00000000 1f9afc88 00000000 00000000 ................
0x020fe658: 00000006 00000080 00000040 6694dfce ........@......f
0x020fe668: 00000024 00000001 00000000 00000000 $...............
0x020fe678: 00000000 00000024 00000001 00000000 ....$...........
0x020fe688: 00000000 00000070 ffffffff ffffffff ....p...........
0x020fe698: 00000024 00000001 00000000 00000000 $...............
0x020fe6a8: 00000030 ffffffff ffffffff 76aee6dc 0..............v
0x020fe6b8: 00000000 00000000 00000000 00000000 ................
0x020fe6c8: 00000000 00000000 00e01950 00000000 ........P.......
0x020fe6d8: 028b09f8 00000000 80000011 00000000 ................
0x020fe6e8: 00000000 80000011 00000000 00000001 ................
0x020fe6f8: 00c90672 1f9afc88 76aee480 020fde98 r..........v....
0x020fe708: 020fe768 76b11570 6b2d54e0 00000000 h...p..v.T-k....
0x020fe718: 020fe778 76aee480 00e01950 00000000 x......vP.......
0x020fe728: 00000006 00000001 00000000 01fa8000 ................
0x020fe738: 00000001 1f9afce8 020fe8e0 770e1af0 ...............w
0x020fe748: 00000000 020fe7b0 76b11570 00000000 ........p..v....
0x020fe758: 00c90672 00000000 020fe73c 020fde98 r.......<.......
0x020fe768: 020fe7c8 76b11570 6b2d54c0 fffffffe ....p..v.T-k....
0x020fe778: 020fe7b8 76af8ad9 02b872a0 00000000 .......v.r......
0x020fe788: 00000006 00000001 00000000 00e01950 ............P...
0x020fe798: 00000104 00000001 00000000 00000000 ................
0x020fe7a8: 020fe7bc 00000000 00000000 1f9afc28 ............(...
0x020fe7b8: 020fe824 770cfef6 020fe7d4 00000020 $......w.... ...
0x020fe7c8: 020fe8a4 770cfe40 020fe7f8 02b872a0 ....@..w.....r..
0x020fe7d8: 00000000 00000006 00000001 00000000 ................
0x020fe7e8: 00e01950 770e1af0 00000000 76d0249c P......w.....$.v
0x020fe7f8: 76af6aa7 020fe8e0 00000000 00000104 .j.v............
0x020fe808: 00000104 00000002 02b230e0 01fa8000 .........0......
0x020fe818: 01100100 00000102 020fe9d0 020fe85c ............\...
0x020fe828: 76af6a3d 00000104 00000104 00000002 =j.v............
0x020fe838: 00000000 020febe8 020fe8e0 020febe8 ................
0x020fe848: 02b230e0 01fa8000 02b230e0 01fa8000 .0.......0......
0x020fe858: 000fe86c 020fe8b4 760c08e6 020fe8e0 l..........v....
0x020fe868: 00000000 00000104 00000104 00000002 ................
0x020fe878: 774d6fa8 020febe8 00000000 00000003 .oMw............
0x020fe888: 02b230e0 01fa8000 01000000 020febe8 .0..............
0x020fe898: 00000000 020fe878 00000000 020fe950 ....x.......P...
0x020fe8a8: 7610ff60 035f81dc 00000000 020fe900 `..v.._.........
0x020fe8b8: 760c09b7 020fe8e0 00000000 00000104 ...v............
0x020fe8c8: 00000104 00000002 020febe8 020febe8 ................
0x020fe8d8: 00000002 a8a52d28 fffffffe 020fe94c ....(-......L...
0x020fe8e8: 76d024ac 76af85c6 00005cff 76af85d0 .$.v...v.\.....v
0x020fe8f8: 1f9af36c 774d6e1c 020fe960 760c0c08 l....nMw`......v
0x020fe908: 774d6e7c 06df1bd9 020febe8 00000002 |nMw............
0x020fe918: 00005dff 00000000 000000b8 000007e8 .]..............
0x020fe928: 000007ec 000000b8 dce7f0fc 0000024c ............L...
0x020fe938: 020febe8 020ff200 04010401 774d6e7c ............|nMw
0x020fe948: 020fe908 020fe984 020ff200 7610ff60 ............`..v
0x020fe958: 035f81f4 fffffffe 020fe984 760c10bc .._............v
0x020fe968: 10602e50 103c4bf0 020febe8 00000000 P.`..K<.........
0x020fe978: 06df1bd9 000003e8 774d6e98 020fea44 .........nMwD...
0x020fe988: 760ae641 020fe9d0 00000002 020fe9c8 A..v............
0x020fe998: 10602e50 0219e630 104d3018 10602e50 P.`.0....0M.P.`.
0x020fe9a8: 00000000 10602e50 00000002 103bf104 ....P.`.......;.
0x020fe9b8: 00000000 020fed14 00000000 103c4bf0 .............K<.
0x020fe9c8: ffffffff 020febe8 000007e8 000007ec ................
0x020fe9d8: 760b60a8 00000000 00000000 00000000 .`.v............
0x020fe9e8: 00000000 11d22e00 00000000 00000000 ................
0x020fe9f8: 00000000 00000000 00000000 00000000 ................
0x020fea08: 00000000 00000000 00000000 00000000 ................
0x020fea18: 00000000 00000000 00000000 00000000 ................
0x020fea28: 00000000 423ec01e 11d22e35 100004b6 ......>B5.......
0x020fea38: fd3e704b 774d6eb8 00000000 020feb58 Kp>..nMw....X...
0x020fea48: 760bfbe6 103bf104 760bfa40 020fed14 ...v..;.@..v....
0x020fea58: 10602e50 10435b38 020fecec 75f5dad2 P.`.8[C........u
0x020fea68: 020fed14 00000000 020fed14 76004918 .............I.v
0x020fea78: 00000000 00000000 06df1acf 00000000 ................
0x020fea88: 10435bdc ffffffff ffffffff 00000000 .[C.............
0x020fea98: 00000000 00000000 10435be4 75f5f640 .........[C.@..u
0x020feaa8: 00000000 1218bcd8 423ec01e 11d22e35 ..........>B5...
0x020feab8: 100004b6 fd3e704b 00001008 021c45d8 ....Kp>......E..
0x020feac8: dc5a8886 020feb6c 75f5c03d 1218bcc0 ..Z.l...=..u....
0x020fead8: 00000000 10435ac8 10435a10 00000000 .....ZC..ZC.....
0x020feae8: 10435b38 10435a10 00000000 020feb6c 8[C..ZC.....l...
0x020feaf8: 75f5c0a8 10435b38 020feb1c 7709acf0 ...u8[C........w
0x020feb08: 7716d518 00001008 00000003 021ae858 ...w........X...
0x020feb18: 021c45d8 020feb24 00000003 764416e0 .E..$.........Dv
0x020feb28: 020feb44 75b7103a 00000003 00000000 D...:..u........
0x020feb38: 0219e630 75b71046 6694d21a 020feb7c 0...F..u...f|...
0x020feb48: 75b70fe0 75b70fc7 6694d222 774d6d40 ...u...u"..f@mMw
0x020feb58: 020fecc8 760bf4cf 020fed14 020fecec .......v........
0x020feb68: 10602e50 020fee00 020fed14 115b134e P.`.........N.[.
0x020feb78: 00000000 020fed14 020fecec 00000000 ................
0x020feb88: 0219e630 00000000 760b56d3 12195018 0........V.v.P..
0x020feb98: 00000000 00000030 10602e50 0219e630 ....0...P.`.0...
0x020feba8: 760b57e1 020fed14 661074e8 00000001 .W.v.....t.f....
0x020febb8: 00000000 0bb1b630 0219e630 00000000 ....0...0.......
0x020febc8: 00000000 103bf104 00000000 760c0160 ......;.....`..v
0x020febd8: 12195010 00000000 00000040 00000000 .P......@.......
0x020febe8: 76004b7c 01000000 00000000 00000000 |K.v............
0x020febf8: 00000000 00000000 80010115 00000000 ................
0x020fec08: 00000000 00000000 00000000 7611b780 ...............v
0x020fec18: 00000000 00000000 00005dff d38f7b48 .........]..H{..
0x020fec28: 4dadc6ec aa606a96 f209155e 00000010 ...M.j`.^.......
0x020fec38: 00000000 020fed14 06df1acf 0000010a ................
0x020fec48: 00000000 00000001 00000000 106c0cd0 ..............l.
0x020fec58: 00000000 00000000 00000000 00000000 ................
0x020fec68: 00000000 10000bb6 fd3e704b 774d6b78 ........Kp>.xkMw
0x020fec78: 020fec98 020febd8 00000000 00000000 ................
0x020fec88: 00000000 00000000 00000000 00000000 ................
0x020fec98: 00000000 00000000 00000000 00000000 ................
0x020feca8: 75f35ae7 423ec01e 11d22e35 100004b6 .Z.u..>B5.......
0x020fecb8: fd3e704b 774d6c80 00000000 774d6c68 Kp>..lMw....hlMw
0x020fecc8: 020fecf4 76023015 020fed14 020fecec .....0.v........
0x020fecd8: 020ff254 020fef40 76022f40 10602e50 T...@...@/.vP.`.
0x020fece8: 020fed14 00000000 774d6be8 020ff210 .........kMw....
0x020fecf8: 75f35a9a 12194d2c 020fee00 dc5a905a .Z.u,M......Z.Z.
0x020fed08: 76112740 020ff248 1065576c 10602e50 @'.vH...lWe.P.`.
0x020fed18: 00000010 00000000 00000018 00008003 ................
0x020fed28: 00000000 1218bcc0 00000000 00000000 ................
0x020fed38: 00000000 00000000 1065576c 00000000 ........lWe.....
0x020fed48: 00000000 01faa000 00000000 00000000 ................
0x020fed58: 00000000 00000000 0219e538 020fede0 ........8.......
0x020fed68: 00000000 00000000 00000000 7600afc8 ...............v
0x020fed78: 00000000 020fee00 020fee00 00000000 ................
0x020fed88: 661068d4 020fee00 020ff254 00000000 .h.f....T.......
0x020fed98: 01faa000 020fee20 00000000 020fee00 .... ...........
0x020feda8: 00000000 1219503c 12194fe8 00000000 ....<P...O......
0x020fedb8: 0219e538 00000000 00000000 00000000 8...............
0x020fedc8: 00000000 7600afc8 00000000 00000000 .......v........
0x020fedd8: 00000007 00000000 0219e538 00000000 ........8.......
0x020fede8: 00000000 00000000 66109920 66109850 ........ ..fP..f
0x020fedf8: 00000000 00000001 020fed14 12195068 ............hP..
0x020fee08: 00000000 00000000 12195050 00000054 ........PP..T...
0x020fee18: 00000000 00000000 00000001 00000000 ................
0x020fee28: 00000000 00000000 00000000 00000000 ................
0x020fee38: 00000002 00000000 00000000 00000000 ................
0x020fee48: 66109920 66109850 020ff248 00000000  ..fP..fH.......
0x020fee58: 00000000 00000000 661018d8 00000000 ...........f....
0x020fee68: 00000000 00000000 00000140 00000000 ........@.......
0x020fee78: 00000000 00000000 00000000 1218a458 ............X...
0x020fee88: 00000000 00000000 00000000 00000000 ................
0x020fee98: 00000000 00000003 020fdcc0 00000000 ................
0x020feea8: 020fefe8 020ff248 00000000 00000000 ....H...........
0x020feeb8: 00000000 00000000 00000000 020fef40 ............@...
0x020feec8: 00000000 00000000 00000000 00000000 ................
0x020feed8: 00000000 020feda8 00000003 00000060 ............`...
0x020feee8: 0219e574 0000006c 00000001 00000000 t...l...........
0x020feef8: 6610672a 6610503a 020ff1f0 020ff254 *g.f:P.f....T...
0x020fef08: 00000000 6610502c 00000000 75f4f540 ....,P.f....@..u
0x020fef18: 00000000 020fef40 00000000 00000000 ....@...........
0x020fef28: 12194d2c 00000000 66104ff8 020fee00 ,M.......O.f....
0x020fef38: 00000003 00000010 8a885d04 0000006c .........]..l...
0x020fef48: 66104fea 66104fe0 00000007 66104ff8 .O.f.O.f.....O.f
0x020fef58: 020ff248 00000233 00000000 66104fea H...3........O.f
0x020fef68: 6610672a 00000022 00000000 00000000 *g.f"...........
0x020fef78: 00000000 00000001 00000020 00000000 ........ .......
0x020fef88: 00000000 00000000 00000000 75f72340 ............@#.u
0x020fef98: 00000000 00000000 00000000 00000000 ................
0x020fefa8: 75f6f2b0 75f6f3a0 00000000 00000000 ...u...u........
0x020fefb8: 00000000 00000000 00000000 00000000 ................
0x020fefc8: 00000000 00000000 00000000 020ff178 ............x...
0x020fefd8: 020fefd8 020fefd8 00000068 80004002 ........h....@..
0x020fefe8: 020fefe8 020fefe8 00000017 00000000 ................
0x020feff8: 020feff8 020feff8 000001f8 488ec925 ............%..H
0x020ff008: 020ff318 106557c8 6610488c 020ff200 .....We..H.f....
0x020ff018: 75f325fc 020feca0 020fede0 103b90e4 .%.u..........;.
0x020ff028: 00000000 00000000 00000000 12194c50 ............PL..
0x020ff038: 12194c54 020ff0a4 1218a1b8 020ff194 TL..............
0x020ff048: 104d3018 00000000 760a5df7 7611b780 .0M......].v...v
0x020ff058: 1212c168 12193f78 12194e88 00000064 h...x?...N..d...
0x020ff068: 020ff09c 770a7951 02190000 12194e88 ....Qy.w.....N..
0x020ff078: 12194e90 75f6e8f9 dc5a92ce 020ff0d0 .N.....u..Z.....
0x020ff088: 760a386a 12193f78 002d0033 00000035 j8.vx?..3.-.5...
0x020ff098: 1212c168 020ff0c0 770a787d 020ff194 h.......}x.w....
0x020ff0a8: 020ff160 7609fa00 00000000 020ff194 `......v........
0x020ff0b8: 103b90e4 76033962 761d7098 020ff0d4 ..;.b9.v.p.v....
0x020ff0c8: 760c0367 761d70ac 00000000 020ff128 g..v.p.v....(...
0x020ff0d8: 760a12f0 7602f694 00001588 7542871c ...v...v......Bu
0x020ff0e8: 020ff18c 103b90e4 760a1300 00000001 ......;....v....
0x020ff0f8: 12194ec8 020ff18c 020ff190 020ff194 .N..............
0x020ff108: 00000000 020ff1a4 12194ec0 00000000 .........N......
0x020ff118: 00000000 103b90e4 00000000 770cf8dc ......;........w
0x020ff128: 73ba9980 0219e180 00000010 0219e180 ...s............
0x020ff138: 00000000 020ff198 73ba976f 0219e1e8 ........o..s....
0x020ff148: 00000010 020ff21c 73ba977f 00000000 ...........s....
0x020ff158: 0219e1d8 020ff22c 0000002b 00000000 ....,...+.......
0x020ff168: 020f0001 020ff1b8 0219e1e8 12194e90 .............N..
0x020ff178: 1218aa58 00000000 020ff188 020ff18c X...............
0x020ff188: 760a607a 12194c54 760a5800 1065577c z`.vTL...X.v|We.
0x020ff198: 7611b880 760a5868 103b90e0 00000001 ...vhX.v..;.....
0x020ff1a8: 10655740 020ff21c 00000000 fffffffe @We.............
0x020ff1b8: 00000001 00000002 774d76d8 020ff1d8 .........vMw....
0x020ff1c8: 7602135f 103b9184 7602136a 774d76c4 _..v..;.j..v.vMw
0x020ff1d8: 020ff1ec 75f6e93e 12194c54 75f6e949 ....>..uTL..I..u
0x020ff1e8: dc5a93a6 020ff23c 62c7414e dc5a905a ..Z.<...NA.bZ.Z.
0x020ff1f8: 020fed04 020ff328 020ff298 75f74aa0 ....(........J.u
0x020ff208: aba8c26a 00000001 020ff230 76023a90 j.......0....:.v
0x020ff218: 661018d8 66104fe0 020ff248 020ff32c ...f.O.fH...,...
0x020ff228: 106557c8 00000020 020ff240 7611272f .We. ...@.../'.v
0x020ff238: 020ff248 00000003 020ff2a4 62c69653 H...........S..b
0x020ff248: 12194d2c 1065576c ffffffff 00000001 ,M..lWe.........
0x020ff258: 020ff32c 020ff28c 020ff290 36285543 ,...........CU(6
0x020ff268: 04126b08 01904bb4 00000000 03ef2610 .k...K.......&..
0x020ff278: 020ff290 00c5556f 04126b00 04126b00 ....oU...k...k..
0x020ff288: 01b60000 00000000 00000000 36285543 ............CU(6
0x020ff298: 020ff94c 62c77b58 ffffffff 020ff31c L...X{.b........
0x020ff2a8: 00c6532f 106557c8 ffffffff 00000001 /S...We.........
0x020ff2b8: 020ff328 020ff32c 00000010 00000010 (...,...........
0x020ff2c8: 00000000 020ff300 00b4fc3a 04162e70 ........:...p...
0x020ff2d8: 00000042 00000023 020ff354 0000000f B...#...T.......
0x020ff2e8: 041565c0 020ff354 020ff2dc 020ff354 .e..T.......T...
0x020ff2f8: 00000023 020ff31c 00b5ec14 00000000 #...............
0x020ff308: 00000000 00000000 00000010 1218bee0 ................
0x020ff318: 106557c8 020ff374 00c655c7 020ff338 .We.t....U..8...
0x020ff328: 00000000 00000000 04ebc070 00000000 ........p.......
0x020ff338: 304e4345 37305557 39393830 00353934 ECN0WU070899495.
0x020ff348: 0000000f 0000000f 041565c0 041565c0 .........e...e..
0x020ff358: 04ebc070 020ff36c 00c56952 00000023 p...l...Ri..#...
0x020ff368: 0000002f 020ff468 1218bee0 020ff468 /...h.......h...
0x020ff378: 011434f5 00000010 04ebc070 00000000 .4......p.......
0x020ff388: 020ff3a0 00c55185 041566e0 00000010 .....Q...f......
0x020ff398: 00000010 01b60000 020ff3d8 342e3575 ............u5.4
0x020ff3a8: 3266322e 00000000 0000002f 00000008 .2f2..../.......
0x020ff3b8: 0000000f 00000000 041565c0 00c57292 .........e...r..
0x020ff3c8: 00000030 00000010 00000020 0000002f 0....... .../...
0x020ff3d8: 020ff3f8 646e6957 5073776f 6579616c ....WindowsPlaye
0x020ff3e8: 00000072 0000000d 0000000f 0000004b r...........K...
0x020ff3f8: 041565c0 00b4f599 00000030 00000010 .e......0.......
0x020ff408: 00000020 0000002f 018eeea8 0000004b  .../.......K...
0x020ff418: 020ff44c 00b4fbc6 00000030 00000000 L.......0.......
0x020ff428: 00000024 04ebc080 342e3500 3266322e $........5.4.2f2
0x020ff438: 04ebc000 020ff428 00000000 0000000f ....(...........
0x020ff448: 020ff468 04156500 041566e0 041566b0 h....e...f...f..
0x020ff458: 00000024 00000000 0000000f 00000000 $...............
0x020ff468: 020ff470 011424ba 020ff480 01142f97 p....$......./..
0x020ff478: 00000001 04ebc070 020ff4f4 0114471b ....p........G..
0x020ff488: 020ff498 00000001 04ebc070 005fc707 ........p....._.
0x020ff498: 041566b0 04ebc018 00000000 01aef548 .f..........H...
0x020ff4a8: 00000024 0000002f 00dfeb00 00000000 $.../...........
0x020ff4b8: 00000000 00000005 00000000 00000000 ................
0x020ff4c8: 0000000f f167639a 00000100 00000000 .....cg.........
0x020ff4d8: 020ff54d 00000010 00000000 0000000f M...............
0x020ff4e8: 01aef624 04ebc070 020ff504 020ff504 $...p...........
0x020ff4f8: 011447e5 00000000 01b19670 020ff520 .G......p... ...
0x020ff508: 0114485f 00000001 453fed0e 453fed0e _H........?E..?E
0x020ff518: 005fc707 00000000 020ff554 011414d5 .._.....T.......
0x020ff528: 04ebc070 00000001 453fed0e 453fed0e p.........?E..?E
0x020ff538: 005fc707 00000000 01992de5 04ebc018 .._......-......
0x020ff548: 00000000 01b19670 00000000 020ff5bc ....p...........
0x020ff558: 01142144 00000001 453fed0e 453fed0e D!........?E..?E
0x020ff568: 005fc707 00000000 00000002 00000003 .._.............
0x020ff578: 01b16350 04156600 04162e50 0413a3b0 Pc...f..P.......
0x020ff588: 020ff5f8 00000000 0000000f 00000002 ................
0x020ff598: 041566e0 020ff58c 020ff94c 00000000 .f......L.......
0x020ff5a8: 00000024 0000002f 020ff5cc f16794e1 $.../.........g.
0x020ff5b8: 00000000 020ff5c8 0114229a 00000001 ........."......
0x020ff5c8: 020ff5f0 00d8efa0 04ebc018 ffffffbc ................
0x020ff5d8: 04897bd0 00000002 04897bd0 04137a01 .{.......{...z..
0x020ff5e8: 04897b40 01b1632c 020ff658 00d8fcaf @{..,c..X.......
0x020ff5f8: ffffffbc 04897bd0 00000002 04137ab0 .....{.......z..
0x020ff608: 04897b40 04137a01 04162cf0 04162cf0 @{...z...,...,..
0x020ff618: 00000000 04897b94 020ff634 04162d10 .....{..4....-..
0x020ff628: 00000000 04162cf0 00000000 020ff644 .....,......D...
0x020ff638: 00c568f0 04162cf0 00000008 020ff67c .h...,......|...
0x020ff648: 00b58700 04162cf0 04897b40 04897b40 .....,..@{..@{..
0x020ff658: 020ff67c 00d8fe6f 04137ab0 04897b40 |...o....z..@{..
0x020ff668: 00d8eb9a 00000010 04137ab0 00000001 .........z......
0x020ff678: 04137ab0 020ff69c 00d8ec2a 00000002 .z......*.......
0x020ff688: 7fffffff 00000010 04897b40 00000000 ........@{......
0x020ff698: 00000001 020ff6ac 00c381f1 0000000f ................
0x020ff6a8: 048adf30 020ff740 00d6adec 020ff6d8 0...@...........
0x020ff6b8: 020ff6f4 020ff710 020ff72c 00000000 ........,.......
0x020ff6c8: 00000002 76b02450 76af6730 00000004 ....P$.v0g.v....
0x020ff6d8: 04162d90 020ff714 00bc1094 020ff714 .-..............
0x020ff6e8: 0000001b 0000001f 01b1dbcc 6576656c ............leve
0x020ff6f8: 0000306c 00000000 00000000 00000006 l0..............
0x020ff708: 0000000f 00000000 04162d70 020ff730 ........p-..0...
0x020ff718: 00c37286 04162d90 00000014 0000001f .r...-..........
0x020ff728: 00000000 00000000 00000000 00000000 ................
0x020ff738: 00000000 76af6730 020ff77c 00d6ae92 ....0g.v|.......
0x020ff748: 00000000 00e01852 00e02079 00000000 ....R...y ......
0x020ff758: 00000001 00c90672 000000ff 00000001 ....r...........
0x020ff768: 0a072d15 06df1aa0 00000234 0000024c .-......4...L...
0x020ff778: 00000730 020ff8b4 00e040ae 0122dbdb 0........@....".
0x020ff788: 00000000 01fa7000 04123bc0 01c0003f .....p...;..?...
0x020ff798: 000001ff 00000000 00000043 0000004f ........C...O...
0x020ff7a8: 00001fff 04123b70 7fffffff 03ee2038 ....p;......8 ..
0x020ff7b8: 01a33de0 00000048 0000004f 0124c580 .=..H...O.....$.
0x020ff7c8: 03ee2038 01a33de0 00000010 00000010 8 ...=..........
0x020ff7d8: 7fffffff 00000000 01aef548 03ee1a68 ........H...h...
0x020ff7e8: 00000010 020ff800 020ff820 01249240 ........ ...@.$.
0x020ff7f8: 03ee2038 01a33de0 04123d50 020ff810 8 ...=..P=......
0x020ff808: 7fffffff 00000000 00000049 0000004f ........I...O...
0x020ff818: 03ee05a8 0411ba10 020ff850 0123a72c ........P...,.#.
0x020ff828: 03ee2038 0000003a 0000003f 020ff770 8 ..:...?...p...
0x020ff838: 616e614d 00646567 6c65746e 00000000 Managed.ntel....
0x020ff848: 00000007 0000000f 020ff85c 0411b990 ........\.......
0x020ff858: 0411b9c8 0411b9c8 0000000d 03ef1040 ............@...
0x020ff868: 65646900 646e6957 6c00776f 020f006c .ideWindow.ll...
0x020ff878: 00000000 0000000f 00000000 00000000 ................
0x020ff888: 65726100 5748746e 0100444e 02194332 .arentHWND..2C..
0x020ff898: 00000000 0000000f 00000000 03ef1040 ............@...
0x020ff8a8: 03ef1080 00000000 00100801 020ff8cc ................
0x020ff8b8: 011fe478 00b40000 00000000 02194334 x...........4C..
0x020ff8c8: 00000001 020ff95c 0122db88 00b40000 ....\.....".....
0x020ff8d8: 00000000 02194334 00000001 ca429fcc ....4C........B.
0x020ff8e8: 0122dbdb 0122dbdb 01fa7000 00000044 .."..."..p..D...
0x020ff8f8: 0219249e 0219247e 0219240a 00000000 .$..~$...$......
0x020ff908: 00000000 00000000 00000000 00000000 ................
0x020ff918: 00000000 00000000 00000401 00000001 ................
0x020ff928: 00000000 00000000 00010001 00000000 ................
0x020ff938: 020ff948 0122dbdb 00000000 020ff8e4 H.....".........
0x020ff948: 60975fec 020ff9a8 0122f500 c9e75d28 ._.`......".(]..
0x020ff958: 00000000 020ff970 768762c4 01fa7000 ....p....b.v.p..
0x020ff968: 768762a0 f8e63781 020ff9b8 770c0609 .b.v.7.........w
0x020ff978: 01fa7000 aaa1f9de 00000000 00000000 .p..............
0x020ff988: 01fa7000 00000000 00000000 00000000 .p..............
0x020ff998: 00000000 aaa1f9de 020ff97c 00000000 ........|.......
0x020ff9a8: 020ff9c0 770d5de0 dfbb7d26 00000000 .....].w&}......
0x020ff9b8: 020ff9c8 770c05d4 ffffffff 770e2516 .......w.....%.w
0x020ff9c8: 00000000 00000000 0122dbdb 01fa7000 .........."..p..
0x020ff9d8: 00000000 00000000 00000000 00000000 ................
0x020ff9e8: 00000000 00000000 00000000 00000000 ................
0x020ff9f8: 00000000 00000000 00000000 00000000 ................
0x020ffa08: 00000000 00000000 00000000 00000000 ................
0x020ffa18: 00000000 00000000 00000000 00000000 ................
0x020ffa28: 00000000 00000000 00000000 00000000 ................
0x020ffa38: 00000000 00000000 00000000 00000000 ................
0x020ffa48: 00000000 00000000 00000000 00000000 ................
0x020ffa58: 00000000 00000000 00000000 00000000 ................
0x020ffa68: 00000000 00000000 00000000 00000000 ................
0x020ffa78: 00000000 00000000 00000000 00000000 ................
0x020ffa88: 00000000 00000000 00000000 00000000 ................
0x020ffa98: 00000000 00000000 00000000 00000000 ................
0x020ffaa8: 00000000 00000000 00000000 00000000 ................
0x020ffab8: 00000000 00000000 00000000 00000000 ................
0x020ffac8: 00000000 00000000 00000000 00000000 ................
0x020ffad8: 00000000 00000000 00000000 00000000 ................
0x020ffae8: 00000000 00000000 00000000 00000000 ................
0x020ffaf8: 00000000 00000000 00000000 00000000 ................
0x020ffb08: 00000000 00000000 00000000 00000000 ................
0x020ffb18: 00000000 00000000 00000000 00000000 ................
0x020ffb28: 00000000 00000000 00000000 00000000 ................
0x020ffb38: 00000000 00000000 00000000 00000000 ................
0x020ffb48: 00000000 00000000 00000000 00000000 ................
0x020ffb58: 00000000 00000000 00000000 00000000 ................
0x020ffb68: 00000000 00000000 00000000 00000000 ................
0x020ffb78: 00000000 00000000 00000000 00000000 ................
0x020ffb88: 00000000 00000000 00000000 00000000 ................
0x020ffb98: 00000000 00000000 00000000 00000000 ................
0x020ffba8: 00000000 00000000 00000000 00000000 ................
0x020ffbb8: 00000000 00000000 00000000 00000000 ................
0x020ffbc8: 00000000 00000000 00000000 00000000 ................
0x020ffbd8: 00000000 00000000 00000000 00000000 ................
0x020ffbe8: 00000000 00000000 00000000 00000000 ................
0x020ffbf8: 00000000 00000000 00000000 00000000 ................
0x020ffc08: 00000000 00000000 00000000 00000000 ................
0x020ffc18: 00000000 00000000 00000000 00000000 ................
0x020ffc28: 00000000 00000000 00000000 00000000 ................
0x020ffc38: 00000000 00000000 00000000 00000000 ................
0x020ffc48: 00000000 00000000 00000000 00000000 ................
0x020ffc58: 00000000 00000000 00000000 00000000 ................
0x020ffc68: 00000000 00000000 00000000 00000000 ................
0x020ffc78: 00000000 00000000 00000000 00000000 ................
0x020ffc88: 00000000 00000000 00000000 00000000 ................
0x020ffc98: 00000000 00000000 00000000 00000000 ................
0x020ffca8: 00000000 00000000 00000000 00000000 ................
0x020ffcb8: 00000000 00000000 00000000 00000000 ................
0x020ffcc8: 00000000 00000000 00000000 00000000 ................
0x020ffcd8: 00000000 00000000 00000000 00000000 ................
0x020ffce8: 00000000 00000000 00000000 00000000 ................
0x020ffcf8: 00000000 00000000 00000000 00000000 ................
0x020ffd08: 00000000 00000000 00000000 00000000 ................
0x020ffd18: 00000000 00000000 00000000 00000000 ................
0x020ffd28: 00000000 00000000 00000000 00000000 ................
0x020ffd38: 00000000 00000000 00000000 00000000 ................
0x020ffd48: 00000000 00000000 00000000 00000000 ................
0x020ffd58: 00000000 00000000 00000000 00000000 ................
0x020ffd68: 00000000 00000000 00000000 00000000 ................
0x020ffd78: 00000000 00000000 00000000 00000000 ................
0x020ffd88: 00000000 00000000 00000000 00000000 ................
0x020ffd98: 00000000 00000000 00000000 00000000 ................
0x020ffda8: 00000000 00000000 00000000 00000000 ................
0x020ffdb8: 00000000 00000000 00000000 00000000 ................
0x020ffdc8: 00000000 00000000 00000000 00000000 ................
0x020ffdd8: 00000000 00000000 00000000 00000000 ................
0x020ffde8: 00000000 00000000 00000000 00000000 ................
0x020ffdf8: 00000000 00000000 00000000 00000000 ................
0x020ffe08: 00000000 00000000 00000000 00000000 ................
0x020ffe18: 00000000 00000000 00000000 00000000 ................
0x020ffe28: 00000000 00000000 00000000 00000000 ................
0x020ffe38: 00000000 00000000 00000000 00000000 ................
0x020ffe48: 00000000 00000000 00000000 00000000 ................
0x020ffe58: 00000000 00000000 00000000 00000000 ................
0x020ffe68: 00000000 00000000 00000000 00000000 ................
0x020ffe78: 00000000 00000000 00000000 00000000 ................
0x020ffe88: 00000000 00000000 00000000 00000000 ................
0x020ffe98: 00000000 00000000 00000000 00000000 ................
0x020ffea8: 00000000 00000000 00000000 00000000 ................
0x020ffeb8: 00000000 00000000 00000000 00000000 ................
0x020ffec8: 00000000 00000000 00000000 00000000 ................
0x020ffed8: 00000000 00000000 00000000 00000000 ................
0x020ffee8: 00000000 00000000 00000000 00000000 ................
0x020ffef8: 00000000 00000000 00000000 00000000 ................
0x020fff08: 00000000 00000000 00000000 00000000 ................
0x020fff18: 00000000 00000000 00000000 00000000 ................
0x020fff28: 00000000 00000000 00000000 00000000 ................
0x020fff38: 00000000 00000000 00000000 00000000 ................
0x020fff48: 00000000 00000000 00000000 00000000 ................
0x020fff58: 00000000 00000000 00000000 00000000 ................
0x020fff68: 00000000 00000000 00000000 00000000 ................
0x020fff78: 00000000 00000000 00000000 00000000 ................
0x020fff88: 00000000 00000000 00000000 00000000 ................
0x020fff98: 00000000 00000000 00000000 00000000 ................
0x020fffa8: 00000000 00000000 00000000 00000000 ................
0x020fffb8: 00000000 00000000 00000000 00000000 ................
0x020fffc8: 00000000 00000000 00000000 00000000 ................
0x020fffd8: 00000000 00000000 00000000 00000000 ................
0x020fffe8: 00000000 00000000 00000000 00000000 ................
0x020ffff8: 00000000 00000000                   ........

Module 1
C:\WINDOWS\SYSTEM32\xinput1_3.dll
Image Base: 0x00400000  Image Size: 0x00016000
File Size:  81768       File Time:  2007-04-04_195342
Version:
   Company:    Microsoft Corporation
   Product:    Microsoft® DirectX for Windows®
   FileDesc:   Microsoft Common Controller API
   FileVer:    9.18.944.0
   ProdVer:    9.18.944.0

Module 2
F:\Zhouball\Documents\Unity Projects\Dissonance\build.exe
Image Base: 0x00b40000  Image Size: 0x011b9000
File Size:  17737216    File Time:  2016-10-20_002638
Version:
   Company:    
   Product:    
   FileDesc:   
   FileVer:    5.4.2.57392
   ProdVer:    5.4.2.57392

Module 3
F:\Zhouball\Documents\Unity Projects\Dissonance\build_Data\Mono\mono.dll
Image Base: 0x10000000  Image Size: 0x00230000
File Size:  2113496     File Time:  2016-10-20_003136
Version:
   Company:    Unity Technologies
   Product:    libmono
   FileDesc:   Unity Technologies fork of mono runtime
   FileVer:    1.0.0.1
   ProdVer:    1.0.0.1

Module 4
C:\WINDOWS\System32\fwpuclnt.dll
Image Base: 0x62ae0000  Image Size: 0x00049000
File Size:  279040      File Time:  2016-07-16_044256
Version:
   Company:    Microsoft Corporation
   Product:    Microsoft® Windows® Operating System
   FileDesc:   FWP/IPsec User-Mode API
   FileVer:    10.0.14393.0
   ProdVer:    10.0.14393.0

Module 5
C:\WINDOWS\SYSTEM32\midimap.dll
Image Base: 0x62bc0000  Image Size: 0x00008000
File Size:  18944       File Time:  2016-07-16_044250
Version:
   Company:    Microsoft Corporation
   Product:    Microsoft® Windows® Operating System
   FileDesc:   Microsoft MIDI Mapper
   FileVer:    10.0.14393.0
   ProdVer:    10.0.14393.0

Module 6
C:\WINDOWS\SYSTEM32\MSACM32.dll
Image Base: 0x62bd0000  Image Size: 0x00018000
File Size:  90912       File Time:  2016-07-16_044250
Version:
   Company:    Microsoft Corporation
   Product:    Microsoft® Windows® Operating System
   FileDesc:   Microsoft ACM Audio Filter
   FileVer:    10.0.14393.0
   ProdVer:    10.0.14393.0

Module 7
C:\WINDOWS\SYSTEM32\msacm32.drv
Image Base: 0x62bf0000  Image Size: 0x0000a000
File Size:  24576       File Time:  2016-07-16_044250
Version:
   Company:    Microsoft Corporation
   Product:    Microsoft® Windows® Operating System
   FileDesc:   Microsoft Sound Mapper
   FileVer:    10.0.14393.0
   ProdVer:    10.0.14393.0

Module 8
C:\WINDOWS\SYSTEM32\wdmaud.drv
Image Base: 0x62c00000  Image Size: 0x00039000
File Size:  207360      File Time:  2016-07-16_044250
Version:
   Company:    Microsoft Corporation
   Product:    Microsoft® Windows® Operating System
   FileDesc:   Winmm  audio system driver
   FileVer:    10.0.14393.0
   ProdVer:    10.0.14393.0

Module 9
C:\WINDOWS\system32\wbem\fastprox.dll
Image Base: 0x62c40000  Image Size: 0x000c2000
File Size:  779776      File Time:  2016-07-16_044258
Version:
   Company:    Microsoft Corporation
   Product:    Microsoft® Windows® Operating System
   FileDesc:   WMI Custom Marshaller
   FileVer:    10.0.14393.0
   ProdVer:    10.0.14393.0

Module 10
C:\WINDOWS\SYSTEM32\wbemcomn.dll
Image Base: 0x62d10000  Image Size: 0x00067000
File Size:  391168      File Time:  2016-07-16_044258
Version:
   Company:    Microsoft Corporation
   Product:    Microsoft® Windows® Operating System
   FileDesc:   WMI
   FileVer:    10.0.14393.0
   ProdVer:    10.0.14393.0

Module 11
C:\WINDOWS\SYSTEM32\HID.DLL
Image Base: 0x62d80000  Image Size: 0x0000a000
File Size:  25600       File Time:  2016-07-16_044250
Version:
   Company:    Microsoft Corporation
   Product:    Microsoft® Windows® Operating System
   FileDesc:   Hid User Library
   FileVer:    10.0.14393.0
   ProdVer:    10.0.14393.0

Module 12
C:\WINDOWS\System32\DriverStore\FileRepository\nvamwu.inf_amd64_d4715679184092a8\nvwgf2um.dll
Image Base: 0x62d90000  Image Size: 0x010f0000
File Size:  18140232    File Time:  2016-09-12_211002
Version:
   Company:    NVIDIA Corporation
   Product:    NVIDIA D3D10 drivers
   FileDesc:   NVIDIA D3D10 Driver, Version 369.09 
   FileVer:    21.21.13.6909
   ProdVer:    21.21.13.6909

Module 13
C:\WINDOWS\SYSTEM32\ksuser.dll
Image Base: 0x660f0000  Image Size: 0x00007000
File Size:  20672       File Time:  2016-07-16_044250
Version:
   Company:    Microsoft Corporation
   Product:    Microsoft® Windows® Operating System
   FileDesc:   User CSA Library
   FileVer:    10.0.14393.0
   ProdVer:    10.0.14393.0

Module 14
C:\WINDOWS\system32\wbem\wbemsvc.dll
Image Base: 0x66100000  Image Size: 0x00010000
File Size:  48640       File Time:  2016-07-16_044258
Version:
   Company:    Microsoft Corporation
   Product:    Microsoft® Windows® Operating System
   FileDesc:   WMI
   FileVer:    10.0.14393.0
   ProdVer:    10.0.14393.0

Module 15
C:\WINDOWS\system32\wbem\wbemprox.dll
Image Base: 0x66110000  Image Size: 0x0000d000
File Size:  35328       File Time:  2016-07-16_044258
Version:
   Company:    Microsoft Corporation
   Product:    Microsoft® Windows® Operating System
   FileDesc:   WMI
   FileVer:    10.0.14393.0
   ProdVer:    10.0.14393.0

Module 16
C:\WINDOWS\SYSTEM32\AVRT.dll
Image Base: 0x66120000  Image Size: 0x00009000
File Size:  29448       File Time:  2016-07-16_044250
Version:
   Company:    Microsoft Corporation
   Product:    Microsoft® Windows® Operating System
   FileDesc:   Multimedia Realtime Runtime
   FileVer:    10.0.14393.0
   ProdVer:    10.0.14393.0

Module 17
C:\WINDOWS\SYSTEM32\d3d11.dll
Image Base: 0x662b0000  Image Size: 0x00230000
File Size:  2277800     File Time:  2016-07-16_044250
Version:
   Company:    Microsoft Corporation
   Product:    Microsoft® Windows® Operating System
   FileDesc:   Direct3D 11 Runtime
   FileVer:    10.0.14393.0
   ProdVer:    10.0.14393.0

Module 18
C:\WINDOWS\SYSTEM32\GLU32.dll
Image Base: 0x69910000  Image Size: 0x00025000
File Size:  141312      File Time:  2016-07-16_044306
Version:
   Company:    Microsoft Corporation
   Product:    Microsoft® Windows® Operating System
   FileDesc:   OpenGL Utility Library DLL
   FileVer:    10.0.14393.0
   ProdVer:    10.0.14393.0

Module 19
C:\WINDOWS\SYSTEM32\OPENGL32.dll
Image Base: 0x6a1c0000  Image Size: 0x000e0000
File Size:  786944      File Time:  2016-07-16_044306
Version:
   Company:    Microsoft Corporation
   Product:    Microsoft® Windows® Operating System
   FileDesc:   OpenGL Client DLL
   FileVer:    10.0.14393.0
   ProdVer:    10.0.14393.0

Module 20
C:\WINDOWS\SYSTEM32\dbghelp.dll
Image Base: 0x6cba0000  Image Size: 0x00145000
File Size:  1220608     File Time:  2016-07-16_044258
Version:
   Company:    Microsoft
   Product:    Microsoft® Windows® Operating System
   FileDesc:   Windows Image Helper
   FileVer:    10.0.14321.1024
   ProdVer:    10.0.14321.1024

Module 21
C:\WINDOWS\SYSTEM32\dxgi.dll
Image Base: 0x6dbf0000  Image Size: 0x00084000
File Size:  527880      File Time:  2016-07-16_044250
Version:
   Company:    Microsoft Corporation
   Product:    Microsoft® Windows® Operating System
   FileDesc:   DirectX Graphics Infrastructure
   FileVer:    10.0.14393.0
   ProdVer:    10.0.14393.0

Module 22
C:\WINDOWS\system32\nvapi.dll
Image Base: 0x6dc80000  Image Size: 0x0036c000
File Size:  3460824     File Time:  2016-09-12_211000
Version:
   Company:    NVIDIA Corporation
   Product:    NVIDIA Windows drivers
   FileDesc:   NVIDIA NVAPI Library, Version 369.09 
   FileVer:    21.21.13.6909
   ProdVer:    21.21.13.6909

Module 23
C:\WINDOWS\system32\nvspcap.dll
Image Base: 0x6dff0000  Image Size: 0x00151000
File Size:  1377800     File Time:  2016-05-01_223902
Version:
   Company:    NVIDIA Corporation
   Product:    NVIDIA GeForce Experience
   FileDesc:   NVIDIA Capture Server Proxy
   FileVer:    2.11.3.5
   ProdVer:    2.11.3.5

Module 24
C:\WINDOWS\SYSTEM32\DDRAW.dll
Image Base: 0x6ef20000  Image Size: 0x000ed000
File Size:  547840      File Time:  2016-07-16_044306
Version:
   Company:    Microsoft Corporation
   Product:    Microsoft® Windows® Operating System
   FileDesc:   Microsoft DirectDraw
   FileVer:    10.0.14393.0
   ProdVer:    10.0.14393.0

Module 25
C:\WINDOWS\WinSxS\x86_microsoft.windows.common-controls_6595b64144ccf1df_6.0.14393.0_none_74bc87d3d22d9abe\comctl32.dll
Image Base: 0x71e10000  Image Size: 0x0020a000
File Size:  2121568     File Time:  2016-07-16_044306
Version:
   Company:    Microsoft Corporation
   Product:    Microsoft® Windows® Operating System
   FileDesc:   User Experience Controls Library
   FileVer:    6.10.14393.0
   ProdVer:    10.0.14393.0

Module 26
C:\WINDOWS\SYSTEM32\wintypes.dll
Image Base: 0x722e0000  Image Size: 0x000cf000
File Size:  846560      File Time:  2016-09-15_102056
Version:
   Company:    Microsoft Corporation
   Product:    Microsoft® Windows® Operating System
   FileDesc:   Windows Base Types DLL
   FileVer:    10.0.14393.206
   ProdVer:    10.0.14393.206

Module 27
C:\WINDOWS\SYSTEM32\AUDIOSES.DLL
Image Base: 0x723b0000  Image Size: 0x0007b000
File Size:  484584      File Time:  2016-09-15_111442
Version:
   Company:    Microsoft Corporation
   Product:    Microsoft® Windows® Operating System
   FileDesc:   Audio Session
   FileVer:    10.0.14393.206
   ProdVer:    10.0.14393.206

Module 28
C:\WINDOWS\System32\MMDevApi.dll
Image Base: 0x72430000  Image Size: 0x00058000
File Size:  352768      File Time:  2016-07-16_044250
Version:
   Company:    Microsoft Corporation
   Product:    Microsoft® Windows® Operating System
   FileDesc:   MMDevice API
   FileVer:    10.0.14393.0
   ProdVer:    10.0.14393.0

Module 29
C:\WINDOWS\System32\PROPSYS.dll
Image Base: 0x72490000  Image Size: 0x0014f000
File Size:  1375456     File Time:  2016-07-16_044256
Version:
   Company:    Microsoft Corporation
   Product:    Windows® Search
   FileDesc:   Microsoft Property System
   FileVer:    7.0.14393.0
   ProdVer:    7.0.14393.0

Module 30
C:\WINDOWS\SYSTEM32\dhcpcsvc.DLL
Image Base: 0x726e0000  Image Size: 0x00014000
File Size:  63488       File Time:  2016-07-16_044256
Version:
   Company:    Microsoft Corporation
   Product:    Microsoft® Windows® Operating System
   FileDesc:   DHCP Client Service
   FileVer:    10.0.14393.0
   ProdVer:    10.0.14393.0

Module 31
C:\WINDOWS\SYSTEM32\dhcpcsvc6.DLL
Image Base: 0x72700000  Image Size: 0x00013000
File Size:  57344       File Time:  2016-07-16_044256
Version:
   Company:    Microsoft Corporation
   Product:    Microsoft® Windows® Operating System
   FileDesc:   DHCPv6 Client
   FileVer:    10.0.14393.0
   ProdVer:    10.0.14393.0

Module 32
C:\Windows\System32\rasadhlp.dll
Image Base: 0x72720000  Image Size: 0x00008000
File Size:  13312       File Time:  2016-07-16_044302
Version:
   Company:    Microsoft Corporation
   Product:    Microsoft® Windows® Operating System
   FileDesc:   Remote Access AutoDial Helper
   FileVer:    10.0.14393.0
   ProdVer:    10.0.14393.0

Module 33
C:\Program Files (x86)\Bonjour\mdnsNSP.dll
Image Base: 0x72730000  Image Size: 0x00021000
File Size:  121704      File Time:  2011-08-30_210502
Version:
   Company:    Apple Inc.
   Product:    Bonjour
   FileDesc:   Bonjour Namespace Provider
   FileVer:    3.0.0.10
   ProdVer:    3.0.0.10

Module 34
C:\WINDOWS\SYSTEM32\DNSAPI.dll
Image Base: 0x72790000  Image Size: 0x0007c000
File Size:  496872      File Time:  2016-09-15_103716
Version:
   Company:    Microsoft Corporation
   Product:    Microsoft® Windows® Operating System
   FileDesc:   DNS Client API DLL
   FileVer:    10.0.14393.206
   ProdVer:    10.0.14393.206

Module 35
C:\WINDOWS\SYSTEM32\DCIMAN32.dll
Image Base: 0x72870000  Image Size: 0x00007000
File Size:  11776       File Time:  2016-07-16_044250
Version:
   Company:    Microsoft Corporation
   Product:    Microsoft® Windows® Operating System
   FileDesc:   DCI Manager
   FileVer:    10.0.14393.0
   ProdVer:    10.0.14393.0

Module 36
C:\WINDOWS\system32\rsaenh.dll
Image Base: 0x728a0000  Image Size: 0x0002f000
File Size:  184416      File Time:  2016-07-16_044256
Version:
   Company:    Microsoft Corporation
   Product:    Microsoft® Windows® Operating System
   FileDesc:   Microsoft Enhanced Cryptographic Provider
   FileVer:    10.0.14393.0
   ProdVer:    10.0.14393.0

Module 37
C:\WINDOWS\SYSTEM32\CRYPTSP.dll
Image Base: 0x728d0000  Image Size: 0x00013000
File Size:  68720       File Time:  2016-07-16_044256
Version:
   Company:    Microsoft Corporation
   Product:    Microsoft® Windows® Operating System
   FileDesc:   Cryptographic Service Provider API
   FileVer:    10.0.14393.0
   ProdVer:    10.0.14393.0

Module 38
C:\WINDOWS\SYSTEM32\MSWSOCK.dll
Image Base: 0x733d0000  Image Size: 0x0004e000
File Size:  306016      File Time:  2016-07-16_044256
Version:
   Company:    Microsoft Corporation
   Product:    Microsoft® Windows® Operating System
   FileDesc:   Microsoft Windows Sockets 2.0 Service Provider
   FileVer:    10.0.14393.0
   ProdVer:    10.0.14393.0

Module 39
C:\WINDOWS\system32\dwmapi.dll
Image Base: 0x73420000  Image Size: 0x0001f000
File Size:  113504      File Time:  2016-09-15_101352
Version:
   Company:    Microsoft Corporation
   Product:    Microsoft® Windows® Operating System
   FileDesc:   Microsoft Desktop Window Manager API
   FileVer:    10.0.14393.206
   ProdVer:    10.0.14393.206

Module 40
C:\WINDOWS\system32\uxtheme.dll
Image Base: 0x73440000  Image Size: 0x00075000
File Size:  457728      File Time:  2016-07-16_044306
Version:
   Company:    Microsoft Corporation
   Product:    Microsoft® Windows® Operating System
   FileDesc:   Microsoft UxTheme Library
   FileVer:    10.0.14393.0
   ProdVer:    10.0.14393.0

Module 41
C:\WINDOWS\SYSTEM32\WINMMBASE.dll
Image Base: 0x734c0000  Image Size: 0x00023000
File Size:  131208      File Time:  2016-07-16_044250
Version:
   Company:    Microsoft Corporation
   Product:    Microsoft® Windows® Operating System
   FileDesc:   Base Multimedia Extension API DLL
   FileVer:    10.0.14393.0
   ProdVer:    10.0.14393.0

Module 42
C:\WINDOWS\SYSTEM32\WINMM.dll
Image Base: 0x734f0000  Image Size: 0x00024000
File Size:  135376      File Time:  2016-07-16_044250
Version:
   Company:    Microsoft Corporation
   Product:    Microsoft® Windows® Operating System
   FileDesc:   MCI API DLL
   FileVer:    10.0.14393.0
   ProdVer:    10.0.14393.0

Module 43
C:\WINDOWS\SYSTEM32\WINHTTP.dll
Image Base: 0x73700000  Image Size: 0x0009f000
File Size:  631808      File Time:  2016-07-16_044256
Version:
   Company:    Microsoft Corporation
   Product:    Microsoft® Windows® Operating System
   FileDesc:   Windows HTTP Services
   FileVer:    10.0.14393.0
   ProdVer:    10.0.14393.0

Module 44
C:\WINDOWS\SYSTEM32\IPHLPAPI.DLL
Image Base: 0x737a0000  Image Size: 0x0002f000
File Size:  184416      File Time:  2016-07-16_044256
Version:
   Company:    Microsoft Corporation
   Product:    Microsoft® Windows® Operating System
   FileDesc:   IP Helper API
   FileVer:    10.0.14393.0
   ProdVer:    10.0.14393.0

Module 45
C:\WINDOWS\System32\DEVOBJ.dll
Image Base: 0x73a10000  Image Size: 0x00022000
File Size:  132232      File Time:  2016-07-16_044256
Version:
   Company:    Microsoft Corporation
   Product:    Microsoft® Windows® Operating System
   FileDesc:   Device Information Set DLL
   FileVer:    10.0.14393.0
   ProdVer:    10.0.14393.0

Module 46
C:\WINDOWS\SYSTEM32\ntmarta.dll
Image Base: 0x73a40000  Image Size: 0x00028000
File Size:  154432      File Time:  2016-07-16_044256
Version:
   Company:    Microsoft Corporation
   Product:    Microsoft® Windows® Operating System
   FileDesc:   Windows NT MARTA provider
   FileVer:    10.0.14393.0
   ProdVer:    10.0.14393.0

Module 47
C:\WINDOWS\SYSTEM32\bcrypt.dll
Image Base: 0x73a70000  Image Size: 0x0001b000
File Size:  106896      File Time:  2016-07-16_044256
Version:
   Company:    Microsoft Corporation
   Product:    Microsoft® Windows® Operating System
   FileDesc:   Windows Cryptographic Primitives Library
   FileVer:    10.0.14393.0
   ProdVer:    10.0.14393.0

Module 48
C:\WINDOWS\SYSTEM32\VERSION.dll
Image Base: 0x73b00000  Image Size: 0x00008000
File Size:  27360       File Time:  2016-07-16_044306
Version:
   Company:    Microsoft Corporation
   Product:    Microsoft® Windows® Operating System
   FileDesc:   Version Checking and File Installation Libraries
   FileVer:    10.0.14393.0
   ProdVer:    10.0.14393.0

Module 49
C:\WINDOWS\System32\CRYPTBASE.dll
Image Base: 0x73b10000  Image Size: 0x0000a000
File Size:  31528       File Time:  2016-07-16_044250
Version:
   Company:    Microsoft Corporation
   Product:    Microsoft® Windows® Operating System
   FileDesc:   Base cryptographic API DLL
   FileVer:    10.0.14393.0
   ProdVer:    10.0.14393.0

Module 50
C:\WINDOWS\System32\SspiCli.dll
Image Base: 0x73b20000  Image Size: 0x0001e000
File Size:  117240      File Time:  2016-09-21_004652
Version:
   Company:    Microsoft Corporation
   Product:    Microsoft® Windows® Operating System
   FileDesc:   Security Support Provider Interface
   FileVer:    10.0.14393.187
   ProdVer:    10.0.14393.187

Module 51
C:\WINDOWS\System32\sechost.dll
Image Base: 0x73b40000  Image Size: 0x00041000
File Size:  255168      File Time:  2016-07-16_044250
Version:
   Company:    Microsoft Corporation
   Product:    Microsoft® Windows® Operating System
   FileDesc:   Host for SCM/SDDL/LSA Lookup APIs
   FileVer:    10.0.14393.0
   ProdVer:    10.0.14393.0

Module 52
C:\WINDOWS\System32\bcryptPrimitives.dll
Image Base: 0x73b90000  Image Size: 0x0005a000
File Size:  367208      File Time:  2016-07-16_044228
Version:
   Company:    Microsoft Corporation
   Product:    Microsoft® Windows® Operating System
   FileDesc:   Windows Cryptographic Primitives Library
   FileVer:    10.0.14393.0
   ProdVer:    10.0.14393.0

Module 53
C:\WINDOWS\System32\IMM32.dll
Image Base: 0x73bf0000  Image Size: 0x00025000
File Size:  144632      File Time:  2016-07-16_044250
Version:
   Company:    Microsoft Corporation
   Product:    Microsoft® Windows® Operating System
   FileDesc:   Multi-User Windows IMM32 API Client DLL
   FileVer:    10.0.14393.0
   ProdVer:    10.0.14393.0

Module 54
C:\WINDOWS\System32\SHELL32.dll
Image Base: 0x73cc0000  Image Size: 0x013d7000
File Size:  20965240    File Time:  2016-10-05_024544
Version:
   Company:    Microsoft Corporation
   Product:    Microsoft® Windows® Operating System
   FileDesc:   Windows Shell Common Dll
   FileVer:    10.0.14393.321
   ProdVer:    10.0.14393.321

Module 55
C:\WINDOWS\System32\cfgmgr32.dll
Image Base: 0x750a0000  Image Size: 0x00036000
File Size:  213848      File Time:  2016-07-16_044256
Version:
   Company:    Microsoft Corporation
   Product:    Microsoft® Windows® Operating System
   FileDesc:   Configuration Manager DLL
   FileVer:    10.0.14393.0
   ProdVer:    10.0.14393.0

Module 56
C:\WINDOWS\System32\SETUPAPI.dll
Image Base: 0x750e0000  Image Size: 0x0040b000
File Size:  4268368     File Time:  2016-07-16_044246
Version:
   Company:    Microsoft Corporation
   Product:    Microsoft® Windows® Operating System
   FileDesc:   Windows Setup API
   FileVer:    10.0.14393.0
   ProdVer:    10.0.14393.0

Module 57
C:\WINDOWS\System32\windows.storage.dll
Image Base: 0x754f0000  Image Size: 0x0056e000
File Size:  5722320     File Time:  2016-09-15_102242
Version:
   Company:    Microsoft Corporation
   Product:    Microsoft® Windows® Operating System
   FileDesc:   Microsoft WinRT Storage API
   FileVer:    10.0.14393.206
   ProdVer:    10.0.14393.206

Module 58
C:\WINDOWS\System32\powrprof.dll
Image Base: 0x75a60000  Image Size: 0x00045000
File Size:  275832      File Time:  2016-07-16_044256
Version:
   Company:    Microsoft Corporation
   Product:    Microsoft® Windows® Operating System
   FileDesc:   Power Profile Helper DLL
   FileVer:    10.0.14393.0
   ProdVer:    10.0.14393.0

Module 59
C:\WINDOWS\System32\shcore.dll
Image Base: 0x75ab0000  Image Size: 0x00088000
File Size:  549088      File Time:  2016-07-16_044244
Version:
   Company:    Microsoft Corporation
   Product:    Microsoft® Windows® Operating System
   FileDesc:   SHCORE
   FileVer:    10.0.14393.0
   ProdVer:    10.0.14393.0

Module 60
C:\WINDOWS\System32\ucrtbase.dll
Image Base: 0x75b40000  Image Size: 0x000e0000
File Size:  918304      File Time:  2016-07-16_044256
Version:
   Company:    Microsoft Corporation
   Product:    Microsoft® Windows® Operating System
   FileDesc:   Microsoft® C Runtime Library
   FileVer:    10.0.14393.0
   ProdVer:    10.0.14393.0

Module 61
C:\WINDOWS\System32\SHLWAPI.dll
Image Base: 0x75ee0000  Image Size: 0x00046000
File Size:  284056      File Time:  2016-07-16_044304
Version:
   Company:    Microsoft Corporation
   Product:    Microsoft® Windows® Operating System
   FileDesc:   Shell Light-weight Utility Library
   FileVer:    10.0.14393.0
   ProdVer:    10.0.14393.0

Module 62
C:\WINDOWS\System32\RPCRT4.dll
Image Base: 0x75f30000  Image Size: 0x000c1000
File Size:  790760      File Time:  2016-09-21_004652
Version:
   Company:    Microsoft Corporation
   Product:    Microsoft® Windows® Operating System
   FileDesc:   Remote Procedure Call Runtime
   FileVer:    10.0.14393.82
   ProdVer:    10.0.14393.82

Module 63
C:\WINDOWS\System32\combase.dll
Image Base: 0x76000000  Image Size: 0x00211000
File Size:  2166232     File Time:  2016-09-21_004646
Version:
   Company:    Microsoft Corporation
   Product:    Microsoft® Windows® Operating System
   FileDesc:   Microsoft COM for Windows
   FileVer:    10.0.14393.187
   ProdVer:    10.0.14393.187

Module 64
C:\WINDOWS\System32\PSAPI.DLL
Image Base: 0x76220000  Image Size: 0x00006000
File Size:  17048       File Time:  2016-07-16_044246
Version:
   Company:    Microsoft Corporation
   Product:    Microsoft® Windows® Operating System
   FileDesc:   Process Status Helper
   FileVer:    10.0.14393.0
   ProdVer:    10.0.14393.0

Module 65
C:\WINDOWS\System32\msvcp_win.dll
Image Base: 0x762f0000  Image Size: 0x0007b000
File Size:  498408      File Time:  2016-07-16_044256
Version:
   Company:    Microsoft Corporation
   Product:    Microsoft® Windows® Operating System
   FileDesc:   Microsoft® C Runtime Library
   FileVer:    10.0.14393.0
   ProdVer:    10.0.14393.0

Module 66
C:\WINDOWS\System32\KERNELBASE.dll
Image Base: 0x76370000  Image Size: 0x001a1000
File Size:  1705976     File Time:  2016-10-05_030326
Version:
   Company:    Microsoft Corporation
   Product:    Microsoft® Windows® Operating System
   FileDesc:   Windows NT BASE API Client DLL
   FileVer:    10.0.14393.321
   ProdVer:    10.0.14393.321

Module 67
C:\WINDOWS\System32\ADVAPI32.dll
Image Base: 0x76520000  Image Size: 0x00077000
File Size:  482392      File Time:  2016-07-16_044250
Version:
   Company:    Microsoft Corporation
   Product:    Microsoft® Windows® Operating System
   FileDesc:   Advanced Windows 32 Base API
   FileVer:    10.0.14393.0
   ProdVer:    10.0.14393.0

Module 68
C:\WINDOWS\System32\MSCTF.dll
Image Base: 0x765a0000  Image Size: 0x00136000
File Size:  1264912     File Time:  2016-09-15_101400
Version:
   Company:    Microsoft Corporation
   Product:    Microsoft® Windows® Operating System
   FileDesc:   MSCTF Server DLL
   FileVer:    10.0.14393.206
   ProdVer:    10.0.14393.206

Module 69
C:\WINDOWS\System32\kernel.appcore.dll
Image Base: 0x76850000  Image Size: 0x0000d000
File Size:  43416       File Time:  2016-07-16_044256
Version:
   Company:    Microsoft Corporation
   Product:    Microsoft® Windows® Operating System
   FileDesc:   AppModel API Host
   FileVer:    10.0.14393.0
   ProdVer:    10.0.14393.0

Module 70
C:\WINDOWS\System32\KERNEL32.DLL
Image Base: 0x76860000  Image Size: 0x000e0000
File Size:  616048      File Time:  2016-07-16_044246
Version:
   Company:    Microsoft Corporation
   Product:    Microsoft® Windows® Operating System
   FileDesc:   Windows NT BASE API Client DLL
   FileVer:    10.0.14393.0
   ProdVer:    10.0.14393.0

Module 71
C:\WINDOWS\System32\WS2_32.dll
Image Base: 0x76940000  Image Size: 0x00063000
File Size:  402352      File Time:  2016-09-15_103706
Version:
   Company:    Microsoft Corporation
   Product:    Microsoft® Windows® Operating System
   FileDesc:   Windows Socket 2.0 32-Bit DLL
   FileVer:    10.0.14393.206
   ProdVer:    10.0.14393.206

Module 72
C:\WINDOWS\System32\msvcrt.dll
Image Base: 0x769b0000  Image Size: 0x000be000
File Size:  773168      File Time:  2016-07-16_044250
Version:
   Company:    Microsoft Corporation
   Product:    Microsoft® Windows® Operating System
   FileDesc:   Windows NT CRT DLL
   FileVer:    7.0.14393.0
   ProdVer:    10.0.14393.0

Module 73
C:\WINDOWS\System32\USER32.dll
Image Base: 0x76ae0000  Image Size: 0x0015f000
File Size:  1435896     File Time:  2016-09-21_004646
Version:
   Company:    Microsoft Corporation
   Product:    Microsoft® Windows® Operating System
   FileDesc:   Multi-User Windows USER API Client DLL
   FileVer:    10.0.14393.5
   ProdVer:    10.0.14393.5

Module 74
C:\WINDOWS\System32\NSI.dll
Image Base: 0x76c40000  Image Size: 0x00007000
File Size:  20152       File Time:  2016-07-16_044228
Version:
   Company:    Microsoft Corporation
   Product:    Microsoft® Windows® Operating System
   FileDesc:   NSI User-mode interface DLL
   FileVer:    10.0.14393.0
   ProdVer:    10.0.14393.0

Module 75
C:\WINDOWS\System32\OLEAUT32.dll
Image Base: 0x76c50000  Image Size: 0x00094000
File Size:  601200      File Time:  2016-09-21_004646
Version:
   Company:    Microsoft Corporation
   Product:    
   FileDesc:   
   FileVer:    10.0.14393.187
   ProdVer:    10.0.14393.187

Module 76
C:\WINDOWS\System32\win32u.dll
Image Base: 0x76d00000  Image Size: 0x00015000
File Size:  79536       File Time:  2016-09-21_004646
Version:
   Company:    Microsoft Corporation
   Product:    Microsoft® Windows® Operating System
   FileDesc:   Win32u
   FileVer:    10.0.14393.51
   ProdVer:    10.0.14393.51

Module 77
C:\WINDOWS\System32\clbcatq.dll
Image Base: 0x76d40000  Image Size: 0x00084000
File Size:  528360      File Time:  2016-07-16_044248
Version:
   Company:    Microsoft Corporation
   Product:    Microsoft® Windows® Operating System
   FileDesc:   COM+ Configuration Catalog
   FileVer:    2001.12.10941.16384
   ProdVer:    10.0.14393.0

Module 78
C:\WINDOWS\System32\profapi.dll
Image Base: 0x76dd0000  Image Size: 0x0000f000
File Size:  54752       File Time:  2016-07-16_044250
Version:
   Company:    Microsoft Corporation
   Product:    Microsoft® Windows® Operating System
   FileDesc:   User Profile Basic API
   FileVer:    10.0.14393.0
   ProdVer:    10.0.14393.0

Module 79
C:\WINDOWS\System32\gdi32full.dll
Image Base: 0x76de0000  Image Size: 0x0015b000
File Size:  1415752     File Time:  2016-09-15_101404
Version:
   Company:    Microsoft Corporation
   Product:    Microsoft® Windows® Operating System
   FileDesc:   GDI Client DLL
   FileVer:    10.0.14393.206
   ProdVer:    10.0.14393.206

Module 80
C:\WINDOWS\System32\GDI32.dll
Image Base: 0x76f40000  Image Size: 0x0002b000
File Size:  170960      File Time:  2016-09-15_102320
Version:
   Company:    Microsoft Corporation
   Product:    Microsoft® Windows® Operating System
   FileDesc:   GDI Client DLL
   FileVer:    10.0.14393.206
   ProdVer:    10.0.14393.206

Module 81
C:\WINDOWS\System32\ole32.dll
Image Base: 0x76f70000  Image Size: 0x000ea000
File Size:  959104      File Time:  2016-09-21_004652
Version:
   Company:    Microsoft Corporation
   Product:    Microsoft® Windows® Operating System
   FileDesc:   Microsoft OLE for Windows
   FileVer:    10.0.14393.187
   ProdVer:    10.0.14393.187

Module 82
C:\WINDOWS\SYSTEM32\ntdll.dll
Image Base: 0x77060000  Image Size: 0x00182000
File Size:  1570680     File Time:  2016-09-15_103524
Version:
   Company:    Microsoft Corporation
   Product:    Microsoft® Windows® Operating System
   FileDesc:   NT Layer DLL
   FileVer:    10.0.14393.206
   ProdVer:    10.0.14393.206


== [end of error.log] ==
